This is pdfTeX, Version 3.14159265-2.6-1.40.16 (TeX Live 2015) (preloaded format=pdflatex 2015.5.24)  20 APR 2018 10:56
entering extended mode
 restricted \write18 enabled.
 %&-line parsing enabled.
**dissertation.tex
(./dissertation.tex
LaTeX2e <2015/01/01>
Babel <3.9l> and hyphenation patterns for 79 languages loaded.
(./vcuthesis.cls
Document Class: vcuthesis 2009/12/05 Texas A&M University - Corpus Christi CSCI
 Thesis Class
(/usr/local/texlive/2015/texmf-dist/tex/latex/base/report.cls
Document Class: report 2014/09/29 v1.4h Standard LaTeX document class
(/usr/local/texlive/2015/texmf-dist/tex/latex/base/size12.clo
File: size12.clo 2014/09/29 v1.4h Standard LaTeX file (size option)
)
\c@part=\count79
\c@chapter=\count80
\c@section=\count81
\c@subsection=\count82
\c@subsubsection=\count83
\c@paragraph=\count84
\c@subparagraph=\count85
\c@figure=\count86
\c@table=\count87
\abovecaptionskip=\skip41
\belowcaptionskip=\skip42
\bibindent=\dimen102
)
(./vcuthesis.sty)
\descriptionmargin=\dimen103
\c@appendix=\count88
\c@sucount=\count89
\toddhack=\dimen104
\twoem=\dimen105
\zeroem=\dimen106
\fignumbox=\dimen107
\apprlineup=\dimen108
\c@lineno=\count90
\c@Lineno=\count91
) (/usr/local/texlive/2015/texmf-dist/tex/latex/tools/bm.sty
Package: bm 2014/10/28 v1.1c Bold Symbol Support (DPC/FMi)
\symboldoperators=\mathgroup4
\symboldletters=\mathgroup5
\symboldsymbols=\mathgroup6
LaTeX Font Info:    Redeclaring math alphabet \mathbf on input line 141.
LaTeX Info: Redefining \bm on input line 207.
)
(/usr/local/texlive/2015/texmf-dist/tex/latex/amsmath/amsmath.sty
Package: amsmath 2013/01/14 v2.14 AMS math features
\@mathmargin=\skip43

For additional information on amsmath, use the `?' option.
(/usr/local/texlive/2015/texmf-dist/tex/latex/amsmath/amstext.sty
Package: amstext 2000/06/29 v2.01

(/usr/local/texlive/2015/texmf-dist/tex/latex/amsmath/amsgen.sty
File: amsgen.sty 1999/11/30 v2.0
\@emptytoks=\toks14
\ex@=\dimen109
))
(/usr/local/texlive/2015/texmf-dist/tex/latex/amsmath/amsbsy.sty
Package: amsbsy 1999/11/29 v1.2d
LaTeX Info: Redefining \boldsymbol on input line 39.
\pmbraise@=\dimen110
)
(/usr/local/texlive/2015/texmf-dist/tex/latex/amsmath/amsopn.sty
Package: amsopn 1999/12/14 v2.01 operator names
)
\inf@bad=\count92
LaTeX Info: Redefining \frac on input line 210.
\uproot@=\count93
\leftroot@=\count94
LaTeX Info: Redefining \overline on input line 306.
\classnum@=\count95
\DOTSCASE@=\count96
LaTeX Info: Redefining \ldots on input line 378.
LaTeX Info: Redefining \dots on input line 381.
LaTeX Info: Redefining \cdots on input line 466.
\Mathstrutbox@=\box26
\strutbox@=\box27
\big@size=\dimen111
LaTeX Font Info:    Redeclaring font encoding OML on input line 566.
LaTeX Font Info:    Redeclaring font encoding OMS on input line 567.
\macc@depth=\count97
\c@MaxMatrixCols=\count98
\dotsspace@=\muskip10
\c@parentequation=\count99
\dspbrk@lvl=\count100
\tag@help=\toks15
\row@=\count101
\column@=\count102
\maxfields@=\count103
\andhelp@=\toks16
\eqnshift@=\dimen112
\alignsep@=\dimen113
\tagshift@=\dimen114
\tagwidth@=\dimen115
\totwidth@=\dimen116
\lineht@=\dimen117
\@envbody=\toks17
\multlinegap=\skip44
\multlinetaggap=\skip45
\mathdisplay@stack=\toks18
LaTeX Info: Redefining \[ on input line 2665.
LaTeX Info: Redefining \] on input line 2666.
)
(/usr/local/texlive/2015/texmf-dist/tex/latex/subfigure/subfigure.sty
Package: subfigure 2002/03/15 v2.1.5 subfigure package


Package subfigure Warning: Your document class has a bad definition
 of \endfigure, most likely
 \let\endfigure=\end@float
 which has now been changed to
 \def\endfigure{\end@float}
 because otherwise subsequent changes to \end@float
 (like done by several packages changing float behaviour)
 can't take effect on \endfigure.
 Please complain to your document class author.


Package subfigure Warning: Your document class has a bad definition
 of \endtable, most likely
 \let\endtable=\end@float
 which has now been changed to
 \def\endtable{\end@float}
 because otherwise subsequent changes to \end@float
 (like done by several packages changing float behaviour)
 can't take effect on \endtable.
 Please complain to your document class author.

\subfigtopskip=\skip46
\subfigcapskip=\skip47
\subfigcaptopadj=\dimen118
\subfigbottomskip=\skip48
\subfigcapmargin=\dimen119
\subfiglabelskip=\skip49
\c@subfigure=\count104
\c@lofdepth=\count105
\c@subtable=\count106
\c@lotdepth=\count107
****************************************
* Local config file subfigure.cfg used *
****************************************
(/usr/local/texlive/2015/texmf-dist/tex/latex/subfigure/subfigure.cfg)
\subfig@top=\skip50
\subfig@bottom=\skip51
)
(/usr/local/texlive/2015/texmf-dist/tex/latex/graphics/graphicx.sty
Package: graphicx 2014/10/28 v1.0g Enhanced LaTeX Graphics (DPC,SPQR)

(/usr/local/texlive/2015/texmf-dist/tex/latex/graphics/keyval.sty
Package: keyval 2014/10/28 v1.15 key=value parser (DPC)
\KV@toks@=\toks19
)
(/usr/local/texlive/2015/texmf-dist/tex/latex/graphics/graphics.sty
Package: graphics 2014/10/28 v1.0p Standard LaTeX Graphics (DPC,SPQR)

(/usr/local/texlive/2015/texmf-dist/tex/latex/graphics/trig.sty
Package: trig 1999/03/16 v1.09 sin cos tan (DPC)
)
(/usr/local/texlive/2015/texmf-dist/tex/latex/latexconfig/graphics.cfg
File: graphics.cfg 2010/04/23 v1.9 graphics configuration of TeX Live
)
Package graphics Info: Driver file: pdftex.def on input line 94.

(/usr/local/texlive/2015/texmf-dist/tex/latex/pdftex-def/pdftex.def
File: pdftex.def 2011/05/27 v0.06d Graphics/color for pdfTeX

(/usr/local/texlive/2015/texmf-dist/tex/generic/oberdiek/infwarerr.sty
Package: infwarerr 2010/04/08 v1.3 Providing info/warning/error messages (HO)
)
(/usr/local/texlive/2015/texmf-dist/tex/generic/oberdiek/ltxcmds.sty
Package: ltxcmds 2011/11/09 v1.22 LaTeX kernel commands for general use (HO)
)
\Gread@gobject=\count108
))
\Gin@req@height=\dimen120
\Gin@req@width=\dimen121
)
(/usr/local/texlive/2015/texmf-dist/tex/latex/url/url.sty
\Urlmuskip=\muskip11
Package: url 2013/09/16  ver 3.4  Verb mode for urls, etc.
)
(/usr/local/texlive/2015/texmf-dist/tex/latex/algorithms/algorithm.sty
Package: algorithm 2009/08/24 v0.1 Document Style `algorithm' - floating enviro
nment

(/usr/local/texlive/2015/texmf-dist/tex/latex/float/float.sty
Package: float 2001/11/08 v1.3d Float enhancements (AL)
\c@float@type=\count109
\float@exts=\toks20
\float@box=\box28
\@float@everytoks=\toks21
\@floatcapt=\box29
)
(/usr/local/texlive/2015/texmf-dist/tex/latex/base/ifthen.sty
Package: ifthen 2014/09/29 v1.1c Standard LaTeX ifthen package (DPC)
)
\@float@every@algorithm=\toks22
\c@algorithm=\count110
)
(/usr/local/texlive/2015/texmf-dist/tex/latex/algorithmicx/algorithmicx.sty
Package: algorithmicx 2005/04/27 v1.2 Algorithmicx

Document Style algorithmicx 1.2 - a greatly improved `algorithmic' style
\c@ALG@line=\count111
\c@ALG@rem=\count112
\c@ALG@nested=\count113
\ALG@tlm=\skip52
\ALG@thistlm=\skip53
\c@ALG@Lnr=\count114
\c@ALG@blocknr=\count115
\c@ALG@storecount=\count116
\c@ALG@tmpcounter=\count117
\ALG@tmplength=\skip54
) (/usr/local/texlive/2015/texmf-dist/tex/latex/algorithmicx/algpseudocode.sty
Package: algpseudocode 

Document Style - pseudocode environments for use with the `algorithmicx' style
) (/usr/local/texlive/2015/texmf-dist/tex/latex/booktabs/booktabs.sty
Package: booktabs 2005/04/14 v1.61803 publication quality tables
\heavyrulewidth=\dimen122
\lightrulewidth=\dimen123
\cmidrulewidth=\dimen124
\belowrulesep=\dimen125
\belowbottomsep=\dimen126
\aboverulesep=\dimen127
\abovetopsep=\dimen128
\cmidrulesep=\dimen129
\cmidrulekern=\dimen130
\defaultaddspace=\dimen131
\@cmidla=\count118
\@cmidlb=\count119
\@aboverulesep=\dimen132
\@belowrulesep=\dimen133
\@thisruleclass=\count120
\@lastruleclass=\count121
\@thisrulewidth=\dimen134
)
(/usr/local/texlive/2015/texmf-dist/tex/latex/tikz-cd/tikz-cd.sty
Package: tikz-cd 2014/10/30 v0.9e Commutative diagrams with tikz

(/usr/local/texlive/2015/texmf-dist/tex/latex/pgf/frontendlayer/tikz.sty
(/usr/local/texlive/2015/texmf-dist/tex/latex/pgf/basiclayer/pgf.sty
(/usr/local/texlive/2015/texmf-dist/tex/latex/pgf/utilities/pgfrcs.sty
(/usr/local/texlive/2015/texmf-dist/tex/generic/pgf/utilities/pgfutil-common.te
x
\pgfutil@everybye=\toks23
\pgfutil@tempdima=\dimen135
\pgfutil@tempdimb=\dimen136

(/usr/local/texlive/2015/texmf-dist/tex/generic/pgf/utilities/pgfutil-common-li
sts.tex))
(/usr/local/texlive/2015/texmf-dist/tex/generic/pgf/utilities/pgfutil-latex.def
\pgfutil@abb=\box30
(/usr/local/texlive/2015/texmf-dist/tex/latex/ms/everyshi.sty
Package: everyshi 2001/05/15 v3.00 EveryShipout Package (MS)
))
(/usr/local/texlive/2015/texmf-dist/tex/generic/pgf/utilities/pgfrcs.code.tex
Package: pgfrcs 2013/12/20 v3.0.0 (rcs-revision 1.28)
))
Package: pgf 2013/12/18 v3.0.0 (rcs-revision 1.14)
(/usr/local/texlive/2015/texmf-dist/tex/latex/pgf/basiclayer/pgfcore.sty
(/usr/local/texlive/2015/texmf-dist/tex/latex/pgf/systemlayer/pgfsys.sty
(/usr/local/texlive/2015/texmf-dist/tex/generic/pgf/systemlayer/pgfsys.code.tex
Package: pgfsys 2013/11/30 v3.0.0 (rcs-revision 1.47)
(/usr/local/texlive/2015/texmf-dist/tex/generic/pgf/utilities/pgfkeys.code.tex
\pgfkeys@pathtoks=\toks24
\pgfkeys@temptoks=\toks25

(/usr/local/texlive/2015/texmf-dist/tex/generic/pgf/utilities/pgfkeysfiltered.c
ode.tex
\pgfkeys@tmptoks=\toks26
))
\pgf@x=\dimen137
\pgf@y=\dimen138
\pgf@xa=\dimen139
\pgf@ya=\dimen140
\pgf@xb=\dimen141
\pgf@yb=\dimen142
\pgf@xc=\dimen143
\pgf@yc=\dimen144
\w@pgf@writea=\write3
\r@pgf@reada=\read1
\c@pgf@counta=\count122
\c@pgf@countb=\count123
\c@pgf@countc=\count124
\c@pgf@countd=\count125
\t@pgf@toka=\toks27
\t@pgf@tokb=\toks28
\t@pgf@tokc=\toks29

(/usr/local/texlive/2015/texmf-dist/tex/generic/pgf/systemlayer/pgf.cfg
File: pgf.cfg 2008/05/14  (rcs-revision 1.7)
)
Driver file for pgf: pgfsys-pdftex.def

(/usr/local/texlive/2015/texmf-dist/tex/generic/pgf/systemlayer/pgfsys-pdftex.d
ef
File: pgfsys-pdftex.def 2013/07/18  (rcs-revision 1.33)

(/usr/local/texlive/2015/texmf-dist/tex/generic/pgf/systemlayer/pgfsys-common-p
df.def
File: pgfsys-common-pdf.def 2013/10/10  (rcs-revision 1.13)
)))
(/usr/local/texlive/2015/texmf-dist/tex/generic/pgf/systemlayer/pgfsyssoftpath.
code.tex
File: pgfsyssoftpath.code.tex 2013/09/09  (rcs-revision 1.9)
\pgfsyssoftpath@smallbuffer@items=\count126
\pgfsyssoftpath@bigbuffer@items=\count127
)
(/usr/local/texlive/2015/texmf-dist/tex/generic/pgf/systemlayer/pgfsysprotocol.
code.tex
File: pgfsysprotocol.code.tex 2006/10/16  (rcs-revision 1.4)
)) (/usr/local/texlive/2015/texmf-dist/tex/latex/xcolor/xcolor.sty
Package: xcolor 2007/01/21 v2.11 LaTeX color extensions (UK)

(/usr/local/texlive/2015/texmf-dist/tex/latex/latexconfig/color.cfg
File: color.cfg 2007/01/18 v1.5 color configuration of teTeX/TeXLive
)
Package xcolor Info: Driver file: pdftex.def on input line 225.
Package xcolor Info: Model `cmy' substituted by `cmy0' on input line 1337.
Package xcolor Info: Model `hsb' substituted by `rgb' on input line 1341.
Package xcolor Info: Model `RGB' extended on input line 1353.
Package xcolor Info: Model `HTML' substituted by `rgb' on input line 1355.
Package xcolor Info: Model `Hsb' substituted by `hsb' on input line 1356.
Package xcolor Info: Model `tHsb' substituted by `hsb' on input line 1357.
Package xcolor Info: Model `HSB' substituted by `hsb' on input line 1358.
Package xcolor Info: Model `Gray' substituted by `gray' on input line 1359.
Package xcolor Info: Model `wave' substituted by `hsb' on input line 1360.
)
(/usr/local/texlive/2015/texmf-dist/tex/generic/pgf/basiclayer/pgfcore.code.tex
Package: pgfcore 2010/04/11 v3.0.0 (rcs-revision 1.7)
(/usr/local/texlive/2015/texmf-dist/tex/generic/pgf/math/pgfmath.code.tex
(/usr/local/texlive/2015/texmf-dist/tex/generic/pgf/math/pgfmathcalc.code.tex
(/usr/local/texlive/2015/texmf-dist/tex/generic/pgf/math/pgfmathutil.code.tex)
(/usr/local/texlive/2015/texmf-dist/tex/generic/pgf/math/pgfmathparser.code.tex
\pgfmath@dimen=\dimen145
\pgfmath@count=\count128
\pgfmath@box=\box31
\pgfmath@toks=\toks30
\pgfmath@stack@operand=\toks31
\pgfmath@stack@operation=\toks32
)
(/usr/local/texlive/2015/texmf-dist/tex/generic/pgf/math/pgfmathfunctions.code.
tex
(/usr/local/texlive/2015/texmf-dist/tex/generic/pgf/math/pgfmathfunctions.basic
.code.tex)
(/usr/local/texlive/2015/texmf-dist/tex/generic/pgf/math/pgfmathfunctions.trigo
nometric.code.tex)
(/usr/local/texlive/2015/texmf-dist/tex/generic/pgf/math/pgfmathfunctions.rando
m.code.tex)
(/usr/local/texlive/2015/texmf-dist/tex/generic/pgf/math/pgfmathfunctions.compa
rison.code.tex)
(/usr/local/texlive/2015/texmf-dist/tex/generic/pgf/math/pgfmathfunctions.base.
code.tex)
(/usr/local/texlive/2015/texmf-dist/tex/generic/pgf/math/pgfmathfunctions.round
.code.tex)
(/usr/local/texlive/2015/texmf-dist/tex/generic/pgf/math/pgfmathfunctions.misc.
code.tex)
(/usr/local/texlive/2015/texmf-dist/tex/generic/pgf/math/pgfmathfunctions.integ
erarithmetics.code.tex)))
(/usr/local/texlive/2015/texmf-dist/tex/generic/pgf/math/pgfmathfloat.code.tex
\c@pgfmathroundto@lastzeros=\count129
))
(/usr/local/texlive/2015/texmf-dist/tex/generic/pgf/basiclayer/pgfcorepoints.co
de.tex
File: pgfcorepoints.code.tex 2013/10/07  (rcs-revision 1.27)
\pgf@picminx=\dimen146
\pgf@picmaxx=\dimen147
\pgf@picminy=\dimen148
\pgf@picmaxy=\dimen149
\pgf@pathminx=\dimen150
\pgf@pathmaxx=\dimen151
\pgf@pathminy=\dimen152
\pgf@pathmaxy=\dimen153
\pgf@xx=\dimen154
\pgf@xy=\dimen155
\pgf@yx=\dimen156
\pgf@yy=\dimen157
\pgf@zx=\dimen158
\pgf@zy=\dimen159
)
(/usr/local/texlive/2015/texmf-dist/tex/generic/pgf/basiclayer/pgfcorepathconst
ruct.code.tex
File: pgfcorepathconstruct.code.tex 2013/10/07  (rcs-revision 1.29)
\pgf@path@lastx=\dimen160
\pgf@path@lasty=\dimen161
)
(/usr/local/texlive/2015/texmf-dist/tex/generic/pgf/basiclayer/pgfcorepathusage
.code.tex
File: pgfcorepathusage.code.tex 2013/12/13  (rcs-revision 1.23)
\pgf@shorten@end@additional=\dimen162
\pgf@shorten@start@additional=\dimen163
)
(/usr/local/texlive/2015/texmf-dist/tex/generic/pgf/basiclayer/pgfcorescopes.co
de.tex
File: pgfcorescopes.code.tex 2013/10/09  (rcs-revision 1.44)
\pgfpic=\box32
\pgf@hbox=\box33
\pgf@layerbox@main=\box34
\pgf@picture@serial@count=\count130
)
(/usr/local/texlive/2015/texmf-dist/tex/generic/pgf/basiclayer/pgfcoregraphicst
ate.code.tex
File: pgfcoregraphicstate.code.tex 2013/09/19  (rcs-revision 1.11)
\pgflinewidth=\dimen164
)
(/usr/local/texlive/2015/texmf-dist/tex/generic/pgf/basiclayer/pgfcoretransform
ations.code.tex
File: pgfcoretransformations.code.tex 2013/10/10  (rcs-revision 1.17)
\pgf@pt@x=\dimen165
\pgf@pt@y=\dimen166
\pgf@pt@temp=\dimen167
)
(/usr/local/texlive/2015/texmf-dist/tex/generic/pgf/basiclayer/pgfcorequick.cod
e.tex
File: pgfcorequick.code.tex 2008/10/09  (rcs-revision 1.3)
)
(/usr/local/texlive/2015/texmf-dist/tex/generic/pgf/basiclayer/pgfcoreobjects.c
ode.tex
File: pgfcoreobjects.code.tex 2006/10/11  (rcs-revision 1.2)
)
(/usr/local/texlive/2015/texmf-dist/tex/generic/pgf/basiclayer/pgfcorepathproce
ssing.code.tex
File: pgfcorepathprocessing.code.tex 2013/09/09  (rcs-revision 1.9)
)
(/usr/local/texlive/2015/texmf-dist/tex/generic/pgf/basiclayer/pgfcorearrows.co
de.tex
File: pgfcorearrows.code.tex 2013/11/07  (rcs-revision 1.40)
\pgfarrowsep=\dimen168
)
(/usr/local/texlive/2015/texmf-dist/tex/generic/pgf/basiclayer/pgfcoreshade.cod
e.tex
File: pgfcoreshade.code.tex 2013/07/15  (rcs-revision 1.15)
\pgf@max=\dimen169
\pgf@sys@shading@range@num=\count131
)
(/usr/local/texlive/2015/texmf-dist/tex/generic/pgf/basiclayer/pgfcoreimage.cod
e.tex
File: pgfcoreimage.code.tex 2013/07/15  (rcs-revision 1.18)

(/usr/local/texlive/2015/texmf-dist/tex/generic/pgf/basiclayer/pgfcoreexternal.
code.tex
File: pgfcoreexternal.code.tex 2013/07/15  (rcs-revision 1.20)
\pgfexternal@startupbox=\box35
))
(/usr/local/texlive/2015/texmf-dist/tex/generic/pgf/basiclayer/pgfcorelayers.co
de.tex
File: pgfcorelayers.code.tex 2013/07/18  (rcs-revision 1.7)
)
(/usr/local/texlive/2015/texmf-dist/tex/generic/pgf/basiclayer/pgfcoretranspare
ncy.code.tex
File: pgfcoretransparency.code.tex 2013/09/30  (rcs-revision 1.5)
)
(/usr/local/texlive/2015/texmf-dist/tex/generic/pgf/basiclayer/pgfcorepatterns.
code.tex
File: pgfcorepatterns.code.tex 2013/11/07  (rcs-revision 1.5)
)))
(/usr/local/texlive/2015/texmf-dist/tex/generic/pgf/modules/pgfmoduleshapes.cod
e.tex
File: pgfmoduleshapes.code.tex 2013/10/31  (rcs-revision 1.34)
\pgfnodeparttextbox=\box36
)
(/usr/local/texlive/2015/texmf-dist/tex/generic/pgf/modules/pgfmoduleplot.code.
tex
File: pgfmoduleplot.code.tex 2013/07/31  (rcs-revision 1.12)
)
(/usr/local/texlive/2015/texmf-dist/tex/latex/pgf/compatibility/pgfcomp-version
-0-65.sty
Package: pgfcomp-version-0-65 2007/07/03 v3.0.0 (rcs-revision 1.7)
\pgf@nodesepstart=\dimen170
\pgf@nodesepend=\dimen171
)
(/usr/local/texlive/2015/texmf-dist/tex/latex/pgf/compatibility/pgfcomp-version
-1-18.sty
Package: pgfcomp-version-1-18 2007/07/23 v3.0.0 (rcs-revision 1.1)
))
(/usr/local/texlive/2015/texmf-dist/tex/latex/pgf/utilities/pgffor.sty
(/usr/local/texlive/2015/texmf-dist/tex/latex/pgf/utilities/pgfkeys.sty
(/usr/local/texlive/2015/texmf-dist/tex/generic/pgf/utilities/pgfkeys.code.tex)
) (/usr/local/texlive/2015/texmf-dist/tex/latex/pgf/math/pgfmath.sty
(/usr/local/texlive/2015/texmf-dist/tex/generic/pgf/math/pgfmath.code.tex))
(/usr/local/texlive/2015/texmf-dist/tex/generic/pgf/utilities/pgffor.code.tex
Package: pgffor 2013/12/13 v3.0.0 (rcs-revision 1.25)

(/usr/local/texlive/2015/texmf-dist/tex/generic/pgf/math/pgfmath.code.tex)
\pgffor@iter=\dimen172
\pgffor@skip=\dimen173
\pgffor@stack=\toks33
\pgffor@toks=\toks34
))
(/usr/local/texlive/2015/texmf-dist/tex/generic/pgf/frontendlayer/tikz/tikz.cod
e.tex
Package: tikz 2013/12/13 v3.0.0 (rcs-revision 1.142)

(/usr/local/texlive/2015/texmf-dist/tex/generic/pgf/libraries/pgflibraryplothan
dlers.code.tex
File: pgflibraryplothandlers.code.tex 2013/08/31 v3.0.0 (rcs-revision 1.20)
\pgf@plot@mark@count=\count132
\pgfplotmarksize=\dimen174
)
\tikz@lastx=\dimen175
\tikz@lasty=\dimen176
\tikz@lastxsaved=\dimen177
\tikz@lastysaved=\dimen178
\tikzleveldistance=\dimen179
\tikzsiblingdistance=\dimen180
\tikz@figbox=\box37
\tikz@figbox@bg=\box38
\tikz@tempbox=\box39
\tikz@tempbox@bg=\box40
\tikztreelevel=\count133
\tikznumberofchildren=\count134
\tikznumberofcurrentchild=\count135
\tikz@fig@count=\count136

(/usr/local/texlive/2015/texmf-dist/tex/generic/pgf/modules/pgfmodulematrix.cod
e.tex
File: pgfmodulematrix.code.tex 2013/09/17  (rcs-revision 1.8)
\pgfmatrixcurrentrow=\count137
\pgfmatrixcurrentcolumn=\count138
\pgf@matrix@numberofcolumns=\count139
)
\tikz@expandcount=\count140

(/usr/local/texlive/2015/texmf-dist/tex/generic/pgf/frontendlayer/tikz/librarie
s/tikzlibrarytopaths.code.tex
File: tikzlibrarytopaths.code.tex 2008/06/17 v3.0.0 (rcs-revision 1.2)
)))
(/usr/local/texlive/2015/texmf-dist/tex/generic/tikz-cd/tikzlibrarycd.code.tex
(/usr/local/texlive/2015/texmf-dist/tex/generic/pgf/frontendlayer/tikz/librarie
s/tikzlibrarymatrix.code.tex
File: tikzlibrarymatrix.code.tex 2013/07/12 v3.0.0 (rcs-revision 1.4)
)
(/usr/local/texlive/2015/texmf-dist/tex/generic/pgf/frontendlayer/tikz/librarie
s/tikzlibraryquotes.code.tex
File: tikzlibraryquotes.code.tex 2013/08/28 v3.0.0 (rcs-revision 1.3)
)
(/usr/local/texlive/2015/texmf-dist/tex/generic/pgf/libraries/pgflibraryarrows.
meta.code.tex
File: pgflibraryarrows.meta.code.tex 2013/12/13 v3.0.0 (rcs-revision 1.12)
\pgfarrowinset=\dimen181
\pgfarrowlength=\dimen182
\pgfarrowwidth=\dimen183
\pgfarrowlinewidth=\dimen184
)))
(/usr/local/texlive/2015/texmf-dist/tex/latex/adjustbox/adjustbox.sty
Package: adjustbox 2012/05/21 v1.0 Adjusting TeX boxes (trim, clip, ...)

(/usr/local/texlive/2015/texmf-dist/tex/latex/xkeyval/xkeyval.sty
Package: xkeyval 2014/12/03 v2.7a package option processing (HA)

(/usr/local/texlive/2015/texmf-dist/tex/generic/xkeyval/xkeyval.tex
(/usr/local/texlive/2015/texmf-dist/tex/generic/xkeyval/xkvutils.tex
\XKV@toks=\toks35
\XKV@tempa@toks=\toks36
)
\XKV@depth=\count141
File: xkeyval.tex 2014/12/03 v2.7a key=value parser (HA)
))
(/usr/local/texlive/2015/texmf-dist/tex/latex/adjustbox/adjcalc.sty
Package: adjcalc 2012/05/16 v1.1 Provides advanced setlength with multiple back
-ends (calc, etex, pgfmath)
)
(/usr/local/texlive/2015/texmf-dist/tex/latex/adjustbox/trimclip.sty
Package: trimclip 2012/05/16 v1.0 Trim and clip general TeX material

(/usr/local/texlive/2015/texmf-dist/tex/latex/collectbox/collectbox.sty
Package: collectbox 2012/05/17 v0.4b Collect macro arguments as boxes
\collectedbox=\box41
)
\tc@llx=\dimen185
\tc@lly=\dimen186
\tc@urx=\dimen187
\tc@ury=\dimen188
Package trimclip Info: Using driver 'tc-pdftex.def'.

(/usr/local/texlive/2015/texmf-dist/tex/latex/adjustbox/tc-pdftex.def
File: tc-pdftex.def 2012/05/13 v1.0 Clipping driver for pdftex
))
\adjbox@Width=\dimen189
\adjbox@Height=\dimen190
\adjbox@Depth=\dimen191
\adjbox@Totalheight=\dimen192

(/usr/local/texlive/2015/texmf-dist/tex/latex/ifoddpage/ifoddpage.sty
Package: ifoddpage 2011/09/13 v1.0 Conditionals for odd/even page detection
\c@checkoddpage=\count142
)
(/usr/local/texlive/2015/texmf-dist/tex/latex/varwidth/varwidth.sty
Package: varwidth 2009/03/30 ver 0.92;  Variable-width minipages
\@vwid@box=\box42
\sift@deathcycles=\count143
\@vwid@loff=\dimen193
\@vwid@roff=\dimen194
))
(/usr/local/texlive/2015/texmf-dist/tex/latex/amsfonts/amsfonts.sty
Package: amsfonts 2013/01/14 v3.01 Basic AMSFonts support
\symAMSa=\mathgroup7
\symAMSb=\mathgroup8
LaTeX Font Info:    Overwriting math alphabet `\mathfrak' in version `bold'
(Font)                  U/euf/m/n --> U/euf/b/n on input line 106.
)
(/usr/local/texlive/2015/texmf-dist/tex/latex/mathtools/mathtools.sty
Package: mathtools 2015/05/11 v1.16 mathematical typesetting tools

(/usr/local/texlive/2015/texmf-dist/tex/latex/tools/calc.sty
Package: calc 2014/10/28 v4.3 Infix arithmetic (KKT,FJ)
\calc@Acount=\count144
\calc@Bcount=\count145
\calc@Adimen=\dimen195
\calc@Bdimen=\dimen196
\calc@Askip=\skip55
\calc@Bskip=\skip56
LaTeX Info: Redefining \setlength on input line 80.
LaTeX Info: Redefining \addtolength on input line 81.
\calc@Ccount=\count146
\calc@Cskip=\skip57
)
(/usr/local/texlive/2015/texmf-dist/tex/latex/mathtools/mhsetup.sty
Package: mhsetup 2010/01/21 v1.2a programming setup (MH)
)
LaTeX Info: Thecontrolsequence`\('isalreadyrobust on input line 129.
LaTeX Info: Thecontrolsequence`\)'isalreadyrobust on input line 129.
LaTeX Info: Thecontrolsequence`\['isalreadyrobust on input line 129.
LaTeX Info: Thecontrolsequence`\]'isalreadyrobust on input line 129.
\g_MT_multlinerow_int=\count147
\l_MT_multwidth_dim=\dimen197
\origjot=\skip58
\l_MT_shortvdotswithinadjustabove_dim=\dimen198
\l_MT_shortvdotswithinadjustbelow_dim=\dimen199
\l_MT_above_intertext_sep=\dimen200
\l_MT_below_intertext_sep=\dimen201
\l_MT_above_shortintertext_sep=\dimen202
\l_MT_below_shortintertext_sep=\dimen203
)
(/usr/local/texlive/2015/texmf-dist/tex/latex/tools/tabularx.sty
Package: tabularx 2014/10/28 v2.10 `tabularx' package (DPC)

(/usr/local/texlive/2015/texmf-dist/tex/latex/tools/array.sty
Package: array 2014/10/28 v2.4c Tabular extension package (FMi)
\col@sep=\dimen204
\extrarowheight=\dimen205
\NC@list=\toks37
\extratabsurround=\skip59
\backup@length=\skip60
)
\TX@col@width=\dimen206
\TX@old@table=\dimen207
\TX@old@col=\dimen208
\TX@target=\dimen209
\TX@delta=\dimen210
\TX@cols=\count148
\TX@ftn=\toks38
)
(/usr/local/texlive/2015/texmf-dist/tex/latex/capt-of/capt-of.sty
Package: capt-of 2009/12/29 v0.2 standard captions outside of floats
)
(/usr/local/texlive/2015/texmf-dist/tex/latex/tools/longtable.sty
Package: longtable 2014/10/28 v4.11 Multi-page Table package (DPC)
\LTleft=\skip61
\LTright=\skip62
\LTpre=\skip63
\LTpost=\skip64
\LTchunksize=\count149
\LTcapwidth=\dimen211
\LT@head=\box43
\LT@firsthead=\box44
\LT@foot=\box45
\LT@lastfoot=\box46
\LT@cols=\count150
\LT@rows=\count151
\c@LT@tables=\count152
\c@LT@chunks=\count153
\LT@p@ftn=\toks39
)
(/usr/local/texlive/2015/texmf-dist/tex/latex/threeparttable/threeparttable.sty
Package: threeparttable 2003/06/13  v 3.0
\@tempboxb=\box47
) (/usr/local/texlive/2015/texmf-dist/tex/latex/geometry/geometry.sty
Package: geometry 2010/09/12 v5.6 Page Geometry

(/usr/local/texlive/2015/texmf-dist/tex/generic/oberdiek/ifpdf.sty
Package: ifpdf 2011/01/30 v2.3 Provides the ifpdf switch (HO)
Package ifpdf Info: pdfTeX in PDF mode is detected.
)
(/usr/local/texlive/2015/texmf-dist/tex/generic/oberdiek/ifvtex.sty
Package: ifvtex 2010/03/01 v1.5 Detect VTeX and its facilities (HO)
Package ifvtex Info: VTeX not detected.
)
(/usr/local/texlive/2015/texmf-dist/tex/generic/ifxetex/ifxetex.sty
Package: ifxetex 2010/09/12 v0.6 Provides ifxetex conditional
)
\Gm@cnth=\count154
\Gm@cntv=\count155
\c@Gm@tempcnt=\count156
\Gm@bindingoffset=\dimen212
\Gm@wd@mp=\dimen213
\Gm@odd@mp=\dimen214
\Gm@even@mp=\dimen215
\Gm@layoutwidth=\dimen216
\Gm@layoutheight=\dimen217
\Gm@layouthoffset=\dimen218
\Gm@layoutvoffset=\dimen219
\Gm@dimlist=\toks40
)
(/usr/local/texlive/2015/texmf-dist/tex/latex/biblatex/biblatex.sty
Package: biblatex 2015/04/19 v3.0 programmable bibliographies (PK/JW/AB)

(/usr/local/texlive/2015/texmf-dist/tex/latex/biblatex/biblatex1.sty
Package: biblatex1 2015/04/19 v3.0 programmable bibliographies (bibtex) (PK/JW/
AB)

(/usr/local/texlive/2015/texmf-dist/tex/latex/etoolbox/etoolbox.sty
Package: etoolbox 2015/05/04 v2.2 e-TeX tools for LaTeX (JAW)
\etb@tempcnta=\count157
)
(/usr/local/texlive/2015/texmf-dist/tex/latex/logreq/logreq.sty
Package: logreq 2010/08/04 v1.0 xml request logger
\lrq@indent=\count158

(/usr/local/texlive/2015/texmf-dist/tex/latex/logreq/logreq.def
File: logreq.def 2010/08/04 v1.0 logreq spec v1.0
))
\c@tabx@nest=\count159
\c@listtotal=\count160
\c@listcount=\count161
\c@liststart=\count162
\c@liststop=\count163
\c@citecount=\count164
\c@citetotal=\count165
\c@multicitecount=\count166
\c@multicitetotal=\count167
\c@instcount=\count168
\c@maxnames=\count169
\c@minnames=\count170
\c@maxitems=\count171
\c@minitems=\count172
\c@citecounter=\count173
\c@savedcitecounter=\count174
\c@uniquelist=\count175
\c@uniquename=\count176
\c@refsection=\count177
\c@refsegment=\count178
\c@maxextrayear=\count179
\c@maxextraalpha=\count180
\c@abbrvpenalty=\count181
\c@highnamepenalty=\count182
\c@lownamepenalty=\count183
\c@maxparens=\count184
\c@parenlevel=\count185
\blx@tempcnta=\count186
\blx@tempcntb=\count187
\blx@tempcntc=\count188
\blx@maxsection=\count189
\blx@maxsegment=\count190
\blx@notetype=\count191
\blx@parenlevel@text=\count192
\blx@parenlevel@foot=\count193
\labelnumberwidth=\skip65
\labelalphawidth=\skip66
\shorthandwidth=\skip67
\biblabelsep=\skip68
\bibitemsep=\skip69
\bibnamesep=\skip70
\bibinitsep=\skip71
\bibparsep=\skip72
\bibhang=\skip73
\blx@auxin=\read2
\blx@auxout=\write4
\c@mincomprange=\count194
\c@maxcomprange=\count195
\c@mincompwidth=\count196
\c@labelname=\count197
\c@savedlabelname=\count198
\c@author=\count199
\c@savedauthor=\count200
\c@shortauthor=\count201
\c@savedshortauthor=\count202
\c@editor=\count203
\c@savededitor=\count204
\c@editora=\count205
\c@savededitora=\count206
\c@editorb=\count207
\c@savededitorb=\count208
\c@editorc=\count209
\c@savededitorc=\count210
\c@shorteditor=\count211
\c@savedshorteditor=\count212
\c@bookauthor=\count213
\c@savedbookauthor=\count214
\c@translator=\count215
\c@savedtranslator=\count216
\c@annotator=\count217
\c@savedannotator=\count218
\c@commentator=\count219
\c@savedcommentator=\count220
\c@introduction=\count221
\c@savedintroduction=\count222
\c@foreword=\count223
\c@savedforeword=\count224
\c@afterword=\count225
\c@savedafterword=\count226
\c@holder=\count227
\c@savedholder=\count228
\c@namea=\count229
\c@savednamea=\count230
\c@nameb=\count231
\c@savednameb=\count232
\c@namec=\count233
\c@savednamec=\count266
\c@institution=\count267
\c@savedinstitution=\count268
\c@language=\count269
\c@savedlanguage=\count270
\c@location=\count271
\c@savedlocation=\count272
\c@organization=\count273
\c@savedorganization=\count274
\c@origlocation=\count275
\c@savedoriglocation=\count276
\c@origpublisher=\count277
\c@savedorigpublisher=\count278
\c@pageref=\count279
\c@savedpageref=\count280
\c@publisher=\count281
\c@savedpublisher=\count282
\c@lista=\count283
\c@savedlista=\count284
\c@listb=\count285
\c@savedlistb=\count286
\c@listc=\count287
\c@savedlistc=\count288
\c@listd=\count289
\c@savedlistd=\count290
\c@liste=\count291
\c@savedliste=\count292
\c@listf=\count293
\c@savedlistf=\count294
Package biblatex Info: Trying to load compatibility code...
Package biblatex Info: ... file 'blx-compat.def' found.

(/usr/local/texlive/2015/texmf-dist/tex/latex/biblatex/blx-compat.def
File: blx-compat.def 2015/04/19 v3.0 biblatex compatibility (PK/JW/AB)
)
Package biblatex Info: Trying to load generic definitions...
Package biblatex Info: ... file 'biblatex.def' found.

(/usr/local/texlive/2015/texmf-dist/tex/latex/biblatex/biblatex.def
File: biblatex.def 
\c@textcitecount=\count295
\c@textcitetotal=\count296
\c@textcitemaxnames=\count297
\c@biburlnumpenalty=\count298
\c@biburlucpenalty=\count299
\c@biburllcpenalty=\count300
\c@smartand=\count301
)
Package biblatex Info: Trying to load bibliography style 'numeric'...
Package biblatex Info: ... file 'numeric.bbx' found.

(/usr/local/texlive/2015/texmf-dist/tex/latex/biblatex/bbx/numeric.bbx
File: numeric.bbx 2015/04/19 v3.0 biblatex bibliography style (PK/JW/AB)
Package biblatex Info: Trying to load bibliography style 'standard'...
Package biblatex Info: ... file 'standard.bbx' found.

(/usr/local/texlive/2015/texmf-dist/tex/latex/biblatex/bbx/standard.bbx
File: standard.bbx 2015/04/19 v3.0 biblatex bibliography style (PK/JW/AB)
\c@bbx:relatedcount=\count302
\c@bbx:relatedtotal=\count303
))
Package biblatex Info: Trying to load citation style 'numeric'...
Package biblatex Info: ... file 'numeric.cbx' found.

(/usr/local/texlive/2015/texmf-dist/tex/latex/biblatex/cbx/numeric.cbx
File: numeric.cbx 2015/04/19 v3.0 biblatex citation style (PK/JW/AB)
Package biblatex Info: Redefining '\cite'.
Package biblatex Info: Redefining '\parencite'.
Package biblatex Info: Redefining '\footcite'.
Package biblatex Info: Redefining '\footcitetext'.
Package biblatex Info: Redefining '\smartcite'.
Package biblatex Info: Redefining '\supercite'.
Package biblatex Info: Redefining '\textcite'.
Package biblatex Info: Redefining '\textcites'.
Package biblatex Info: Redefining '\cites'.
Package biblatex Info: Redefining '\parencites'.
Package biblatex Info: Redefining '\smartcites'.
)
Package biblatex Info: Trying to load configuration file...
Package biblatex Info: ... file 'biblatex.cfg' found.

(/usr/local/texlive/2015/texmf-dist/tex/latex/biblatex/biblatex.cfg
File: biblatex.cfg 
)))
(/usr/local/texlive/2015/texmf-dist/tex/latex/appendix/appendix.sty
Package: appendix 2009/09/02 v1.2b extra appendix facilities
\c@@pps=\count304
\c@@ppsavesec=\count305
\c@@ppsaveapp=\count306
)
(/usr/local/texlive/2015/texmf-dist/tex/latex/pgfplots/pgfplots.sty
(/usr/local/texlive/2015/texmf-dist/tex/generic/pgfplots/pgfplots.revision.tex)
Package: pgfplots 2015/05/02 v1.12.1 Data Visualization (1.12.1)
(/usr/local/texlive/2015/texmf-dist/tex/generic/pgfplots/pgfplots.code.tex
(/usr/local/texlive/2015/texmf-dist/tex/generic/pgfplots/pgfplotscore.code.tex
\t@pgfplots@toka=\toks41
\t@pgfplots@tokb=\toks42
\t@pgfplots@tokc=\toks43
\pgfplots@tmpa=\dimen220
\c@pgfplots@coordindex=\count307
\c@pgfplots@scanlineindex=\count308

(/usr/local/texlive/2015/texmf-dist/tex/generic/pgfplots/sys/pgfplotssysgeneric
.code.tex))
(/usr/local/texlive/2015/texmf-dist/tex/generic/pgfplots/libs/pgfplotslibrary.c
ode.tex)
(/usr/local/texlive/2015/texmf-dist/tex/generic/pgfplots/oldpgfcompatib/pgfplot
soldpgfsupp_loader.code.tex
(/usr/local/texlive/2015/texmf-dist/tex/generic/pgf/libraries/pgflibraryfpu.cod
e.tex)
Package pgfplots: loading complementary arithmetics for your pgf version...

(/usr/local/texlive/2015/texmf-dist/tex/generic/pgfplots/oldpgfcompatib/pgfplot
soldpgfsupp_pgflibraryfpu.code.tex)
(/usr/local/texlive/2015/texmf-dist/tex/generic/pgfplots/oldpgfcompatib/pgfplot
soldpgfsupp_pgfmathfloat.code.tex
\c@pgfmathroundto@lastzeros=\count309
)
(/usr/local/texlive/2015/texmf-dist/tex/generic/pgfplots/oldpgfcompatib/pgfplot
soldpgfsupp_trig_format.code.tex))
(/usr/local/texlive/2015/texmf-dist/tex/generic/pgfplots/util/pgfplotsutil.code
.tex
(/usr/local/texlive/2015/texmf-dist/tex/generic/pgfplots/liststructure/pgfplots
liststructure.code.tex)
(/usr/local/texlive/2015/texmf-dist/tex/generic/pgfplots/liststructure/pgfplots
liststructureext.code.tex)
(/usr/local/texlive/2015/texmf-dist/tex/generic/pgfplots/liststructure/pgfplots
array.code.tex
\c@pgfplotsarray@tmp=\count310
)
(/usr/local/texlive/2015/texmf-dist/tex/generic/pgfplots/liststructure/pgfplots
matrix.code.tex)
(/usr/local/texlive/2015/texmf-dist/tex/generic/pgfplots/numtable/pgfplotstable
shared.code.tex
\c@pgfplotstable@counta=\count311
\t@pgfplotstable@a=\toks44
)
(/usr/local/texlive/2015/texmf-dist/tex/generic/pgfplots/liststructure/pgfplots
deque.code.tex)
(/usr/local/texlive/2015/texmf-dist/tex/generic/pgfplots/util/pgfplotsbinary.co
de.tex
(/usr/local/texlive/2015/texmf-dist/tex/generic/pgfplots/util/pgfplotsbinary.da
ta.code.tex))
(/usr/local/texlive/2015/texmf-dist/tex/generic/pgfplots/util/pgfplotsutil.verb
.code.tex)
(/usr/local/texlive/2015/texmf-dist/tex/generic/pgfplots/libs/pgflibrarypgfplot
s.surfshading.code.tex
\c@pgfplotslibrarysurf@no=\count312

(/usr/local/texlive/2015/texmf-dist/tex/generic/pgfplots/sys/pgflibrarypgfplots
.surfshading.pgfsys-pdftex.def)))
(/usr/local/texlive/2015/texmf-dist/tex/generic/pgfplots/util/pgfplotscolormap.
code.tex
(/usr/local/texlive/2015/texmf-dist/tex/generic/pgfplots/util/pgfplotscolor.cod
e.tex))
(/usr/local/texlive/2015/texmf-dist/tex/generic/pgfplots/pgfplotsstackedplots.c
ode.tex)
(/usr/local/texlive/2015/texmf-dist/tex/generic/pgfplots/pgfplotsplothandlers.c
ode.tex
(/usr/local/texlive/2015/texmf-dist/tex/generic/pgfplots/pgfplotsmeshplothandle
r.code.tex))
(/usr/local/texlive/2015/texmf-dist/tex/generic/pgfplots/pgfplots.scaling.code.
tex)
(/usr/local/texlive/2015/texmf-dist/tex/generic/pgfplots/pgfplotscoordprocessin
g.code.tex)
(/usr/local/texlive/2015/texmf-dist/tex/generic/pgfplots/pgfplots.errorbars.cod
e.tex)
(/usr/local/texlive/2015/texmf-dist/tex/generic/pgfplots/pgfplots.markers.code.
tex)
(/usr/local/texlive/2015/texmf-dist/tex/generic/pgfplots/pgfplotsticks.code.tex
)
(/usr/local/texlive/2015/texmf-dist/tex/generic/pgfplots/pgfplots.paths.code.te
x)
(/usr/local/texlive/2015/texmf-dist/tex/generic/pgf/frontendlayer/tikz/librarie
s/tikzlibrarydecorations.code.tex
(/usr/local/texlive/2015/texmf-dist/tex/generic/pgf/modules/pgfmoduledecoration
s.code.tex
\pgfdecoratedcompleteddistance=\dimen221
\pgfdecoratedremainingdistance=\dimen222
\pgfdecoratedinputsegmentcompleteddistance=\dimen223
\pgfdecoratedinputsegmentremainingdistance=\dimen224
\pgf@decorate@distancetomove=\dimen225
\pgf@decorate@repeatstate=\count313
\pgfdecorationsegmentamplitude=\dimen226
\pgfdecorationsegmentlength=\dimen227
)
\tikz@lib@dec@box=\box48
)
(/usr/local/texlive/2015/texmf-dist/tex/generic/pgf/frontendlayer/tikz/librarie
s/tikzlibrarydecorations.pathmorphing.code.tex
(/usr/local/texlive/2015/texmf-dist/tex/generic/pgf/libraries/decorations/pgfli
brarydecorations.pathmorphing.code.tex))
(/usr/local/texlive/2015/texmf-dist/tex/generic/pgf/frontendlayer/tikz/librarie
s/tikzlibrarydecorations.pathreplacing.code.tex
(/usr/local/texlive/2015/texmf-dist/tex/generic/pgf/libraries/decorations/pgfli
brarydecorations.pathreplacing.code.tex))
\pgfplots@numplots=\count314
\pgfplots@xmin@reg=\dimen228
\pgfplots@xmax@reg=\dimen229
\pgfplots@ymin@reg=\dimen230
\pgfplots@ymax@reg=\dimen231
\pgfplots@zmin@reg=\dimen232
\pgfplots@zmax@reg=\dimen233
)
(/usr/local/texlive/2015/texmf-dist/tex/generic/pgf/frontendlayer/tikz/librarie
s/tikzlibraryplotmarks.code.tex
File: tikzlibraryplotmarks.code.tex 2008/01/09 v3.0.0 (rcs-revision 1.1)

(/usr/local/texlive/2015/texmf-dist/tex/generic/pgf/libraries/pgflibraryplotmar
ks.code.tex
File: pgflibraryplotmarks.code.tex 2013/07/20 v3.0.0 (rcs-revision 1.13)
)))
(/usr/local/texlive/2015/texmf-dist/tex/latex/hyperref/hyperref.sty
Package: hyperref 2012/11/06 v6.83m Hypertext links for LaTeX

(/usr/local/texlive/2015/texmf-dist/tex/generic/oberdiek/hobsub-hyperref.sty
Package: hobsub-hyperref 2012/05/28 v1.13 Bundle oberdiek, subset hyperref (HO)


(/usr/local/texlive/2015/texmf-dist/tex/generic/oberdiek/hobsub-generic.sty
Package: hobsub-generic 2012/05/28 v1.13 Bundle oberdiek, subset generic (HO)
Package: hobsub 2012/05/28 v1.13 Construct package bundles (HO)
Package hobsub Info: Skipping package `infwarerr' (already loaded).
Package hobsub Info: Skipping package `ltxcmds' (already loaded).
Package: ifluatex 2010/03/01 v1.3 Provides the ifluatex switch (HO)
Package ifluatex Info: LuaTeX not detected.
Package hobsub Info: Skipping package `ifvtex' (already loaded).
Package: intcalc 2007/09/27 v1.1 Expandable calculations with integers (HO)
Package hobsub Info: Skipping package `ifpdf' (already loaded).
Package: etexcmds 2011/02/16 v1.5 Avoid name clashes with e-TeX commands (HO)
Package etexcmds Info: Could not find \expanded.
(etexcmds)             That can mean that you are not using pdfTeX 1.50 or
(etexcmds)             that some package has redefined \expanded.
(etexcmds)             In the latter case, load this package earlier.
Package: kvsetkeys 2012/04/25 v1.16 Key value parser (HO)
Package: kvdefinekeys 2011/04/07 v1.3 Define keys (HO)
Package: pdftexcmds 2011/11/29 v0.20 Utility functions of pdfTeX for LuaTeX (HO
)
Package pdftexcmds Info: LuaTeX not detected.
Package pdftexcmds Info: \pdf@primitive is available.
Package pdftexcmds Info: \pdf@ifprimitive is available.
Package pdftexcmds Info: \pdfdraftmode found.
Package: pdfescape 2011/11/25 v1.13 Implements pdfTeX's escape features (HO)
Package: bigintcalc 2012/04/08 v1.3 Expandable calculations on big integers (HO
)
Package: bitset 2011/01/30 v1.1 Handle bit-vector datatype (HO)
Package: uniquecounter 2011/01/30 v1.2 Provide unlimited unique counter (HO)
)
Package hobsub Info: Skipping package `hobsub' (already loaded).
Package: letltxmacro 2010/09/02 v1.4 Let assignment for LaTeX macros (HO)
Package: hopatch 2012/05/28 v1.2 Wrapper for package hooks (HO)
Package: xcolor-patch 2011/01/30 xcolor patch
Package: atveryend 2011/06/30 v1.8 Hooks at the very end of document (HO)
Package: atbegshi 2011/10/05 v1.16 At begin shipout hook (HO)
Package: refcount 2011/10/16 v3.4 Data extraction from label references (HO)
Package: hycolor 2011/01/30 v1.7 Color options for hyperref/bookmark (HO)
)
(/usr/local/texlive/2015/texmf-dist/tex/latex/oberdiek/auxhook.sty
Package: auxhook 2011/03/04 v1.3 Hooks for auxiliary files (HO)
)
(/usr/local/texlive/2015/texmf-dist/tex/latex/oberdiek/kvoptions.sty
Package: kvoptions 2011/06/30 v3.11 Key value format for package options (HO)
)
\@linkdim=\dimen256
\Hy@linkcounter=\count315
\Hy@pagecounter=\count316

(/usr/local/texlive/2015/texmf-dist/tex/latex/hyperref/pd1enc.def
File: pd1enc.def 2012/11/06 v6.83m Hyperref: PDFDocEncoding definition (HO)
)
\Hy@SavedSpaceFactor=\count317

(/usr/local/texlive/2015/texmf-dist/tex/latex/latexconfig/hyperref.cfg
File: hyperref.cfg 2002/06/06 v1.2 hyperref configuration of TeXLive
)
Package hyperref Info: Option `linktocpage' set `true' on input line 4319.
Package hyperref Info: Hyper figures OFF on input line 4443.
Package hyperref Info: Link nesting OFF on input line 4448.
Package hyperref Info: Hyper index ON on input line 4451.
Package hyperref Info: Plain pages OFF on input line 4458.
Package hyperref Info: Backreferencing OFF on input line 4463.
Package hyperref Info: Implicit mode ON; LaTeX internals redefined.
Package hyperref Info: Bookmarks ON on input line 4688.
\c@Hy@tempcnt=\count318
LaTeX Info: Redefining \url on input line 5041.
\XeTeXLinkMargin=\dimen257
\Fld@menulength=\count319
\Field@Width=\dimen258
\Fld@charsize=\dimen259
Package hyperref Info: Hyper figures OFF on input line 6295.
Package hyperref Info: Link nesting OFF on input line 6300.
Package hyperref Info: Hyper index ON on input line 6303.
Package hyperref Info: backreferencing OFF on input line 6310.
Package hyperref Info: Link coloring OFF on input line 6315.
Package hyperref Info: Link coloring with OCG OFF on input line 6320.
Package hyperref Info: PDF/A mode OFF on input line 6325.
LaTeX Info: Redefining \ref on input line 6365.
LaTeX Info: Redefining \pageref on input line 6369.
\Hy@abspage=\count320
\c@Item=\count321
\c@Hfootnote=\count322
)

Package hyperref Message: Driver (autodetected): hpdftex.

(/usr/local/texlive/2015/texmf-dist/tex/latex/hyperref/hpdftex.def
File: hpdftex.def 2012/11/06 v6.83m Hyperref driver for pdfTeX
\Fld@listcount=\count323
\c@bookmark@seq@number=\count324

(/usr/local/texlive/2015/texmf-dist/tex/latex/oberdiek/rerunfilecheck.sty
Package: rerunfilecheck 2011/04/15 v1.7 Rerun checks for auxiliary files (HO)
Package uniquecounter Info: New unique counter `rerunfilecheck' on input line 2
82.
)
\Hy@SectionHShift=\skip74
)
(/usr/local/texlive/2015/texmf-dist/tex/generic/pgf/frontendlayer/tikz/librarie
s/tikzlibraryshapes.geometric.code.tex
File: tikzlibraryshapes.geometric.code.tex 2008/01/09 v3.0.0 (rcs-revision 1.1)


(/usr/local/texlive/2015/texmf-dist/tex/generic/pgf/libraries/shapes/pgflibrary
shapes.geometric.code.tex
File: pgflibraryshapes.geometric.code.tex 2008/06/26 v3.0.0 (rcs-revision 1.1)
))
(/usr/local/texlive/2015/texmf-dist/tex/generic/pgf/frontendlayer/tikz/librarie
s/tikzlibraryarrows.code.tex
File: tikzlibraryarrows.code.tex 2008/01/09 v3.0.0 (rcs-revision 1.1)

(/usr/local/texlive/2015/texmf-dist/tex/generic/pgf/libraries/pgflibraryarrows.
code.tex
File: pgflibraryarrows.code.tex 2013/09/23 v3.0.0 (rcs-revision 1.16)
\arrowsize=\dimen260
))
(/usr/local/texlive/2015/texmf-dist/tex/generic/pgf/frontendlayer/tikz/librarie
s/tikzlibraryautomata.code.tex
File: tikzlibraryautomata.code.tex 2008/07/14 v3.0.0 (rcs-revision 1.3)

(/usr/local/texlive/2015/texmf-dist/tex/generic/pgf/frontendlayer/tikz/librarie
s/tikzlibraryshapes.multipart.code.tex
File: tikzlibraryshapes.multipart.code.tex 2008/01/09 v3.0.0 (rcs-revision 1.1)


(/usr/local/texlive/2015/texmf-dist/tex/generic/pgf/libraries/shapes/pgflibrary
shapes.multipart.code.tex
File: pgflibraryshapes.multipart.code.tex 2010/01/07 v3.0.0 (rcs-revision 1.2)
\pgfnodepartlowerbox=\box49
\pgfnodeparttwobox=\box50
\pgfnodepartthreebox=\box51
\pgfnodepartfourbox=\box52
\pgfnodeparttwentybox=\box53
\pgfnodepartnineteenbox=\box54
\pgfnodeparteighteenbox=\box55
\pgfnodepartseventeenbox=\box56
\pgfnodepartsixteenbox=\box57
\pgfnodepartfifteenbox=\box58
\pgfnodepartfourteenbox=\box59
\pgfnodepartthirteenbox=\box60
\pgfnodeparttwelvebox=\box61
\pgfnodepartelevenbox=\box62
\pgfnodeparttenbox=\box63
\pgfnodepartninebox=\box64
\pgfnodeparteightbox=\box65
\pgfnodepartsevenbox=\box66
\pgfnodepartsixbox=\box67
\pgfnodepartfivebox=\box68
)))
(/usr/local/texlive/2015/texmf-dist/tex/generic/pgf/frontendlayer/tikz/librarie
s/tikzlibrarypositioning.code.tex
File: tikzlibrarypositioning.code.tex 2008/10/06 v3.0.0 (rcs-revision 1.7)
)
(/usr/local/texlive/2015/texmf-dist/tex/latex/chngcntr/chngcntr.sty
Package: chngcntr 2009/09/02 v1.0a change counter resetting
)
(/usr/local/texlive/2015/texmf-dist/tex/latex/pdfpages/pdfpages.sty
Package: pdfpages 2015/05/11 v0.4x Insert pages of external PDF documents (AM)

(/usr/local/texlive/2015/texmf-dist/tex/latex/eso-pic/eso-pic.sty
Package: eso-pic 2015/04/20 v2.0e eso-pic (RN)
)
\AM@pagewidth=\dimen261
\AM@pageheight=\dimen262

(/usr/local/texlive/2015/texmf-dist/tex/latex/pdfpages/pppdftex.def
File: pppdftex.def 2015/05/11 v0.4x Pdfpages driver for pdfTeX (AM)
)
\AM@pagebox=\box69
\AM@toc@title=\toks45
\c@AM@survey=\count325
\AM@templatesizebox=\box70
)
(/usr/local/texlive/2015/texmf-dist/tex/latex/titlesec/titlesec.sty
Package: titlesec 2011/12/15 v2.10.0 Sectioning titles
\ttl@box=\box71
\beforetitleunit=\skip75
\aftertitleunit=\skip76
\ttl@plus=\dimen263
\ttl@minus=\dimen264
\ttl@toksa=\toks46
\titlewidth=\dimen265
\titlewidthlast=\dimen266
\titlewidthfirst=\dimen267
)
Package biblatex Info: Trying to load language 'english'...
Package biblatex Info: ... file 'english.lbx' found.

(/usr/local/texlive/2015/texmf-dist/tex/latex/biblatex/lbx/english.lbx
File: english.lbx 2015/04/19 v3.0 biblatex localization (PK/JW/AB)
)

Package biblatex Warning: Patching footnotes failed.
(biblatex)                Footnote detection will not work.

\@quotelevel=\count326
\@quotereset=\count327
(./dissertation.aux)
\openout1 = `dissertation.aux'.

LaTeX Font Info:    Checking defaults for OML/cmm/m/it on input line 54.
LaTeX Font Info:    ... okay on input line 54.
LaTeX Font Info:    Checking defaults for T1/cmr/m/n on input line 54.
LaTeX Font Info:    ... okay on input line 54.
LaTeX Font Info:    Checking defaults for OT1/cmr/m/n on input line 54.
LaTeX Font Info:    ... okay on input line 54.
LaTeX Font Info:    Checking defaults for OMS/cmsy/m/n on input line 54.
LaTeX Font Info:    ... okay on input line 54.
LaTeX Font Info:    Checking defaults for OMX/cmex/m/n on input line 54.
LaTeX Font Info:    ... okay on input line 54.
LaTeX Font Info:    Checking defaults for U/cmr/m/n on input line 54.
LaTeX Font Info:    ... okay on input line 54.
LaTeX Font Info:    Checking defaults for PD1/pdf/m/n on input line 54.
LaTeX Font Info:    ... okay on input line 54.

(/usr/local/texlive/2015/texmf-dist/tex/context/base/supp-pdf.mkii
[Loading MPS to PDF converter (version 2006.09.02).]
\scratchcounter=\count328
\scratchdimen=\dimen268
\scratchbox=\box72
\nofMPsegments=\count329
\nofMParguments=\count330
\everyMPshowfont=\toks47
\MPscratchCnt=\count331
\MPscratchDim=\dimen269
\MPnumerator=\count332
\makeMPintoPDFobject=\count333
\everyMPtoPDFconversion=\toks48
) (/usr/local/texlive/2015/texmf-dist/tex/latex/oberdiek/epstopdf-base.sty
Package: epstopdf-base 2010/02/09 v2.5 Base part for package epstopdf

(/usr/local/texlive/2015/texmf-dist/tex/latex/oberdiek/grfext.sty
Package: grfext 2010/08/19 v1.1 Manage graphics extensions (HO)
)
Package grfext Info: Graphics extension search list:
(grfext)             [.png,.pdf,.jpg,.mps,.jpeg,.jbig2,.jb2,.PNG,.PDF,.JPG,.JPE
G,.JBIG2,.JB2,.eps]
(grfext)             \AppendGraphicsExtensions on input line 452.

(/usr/local/texlive/2015/texmf-dist/tex/latex/latexconfig/epstopdf-sys.cfg
File: epstopdf-sys.cfg 2010/07/13 v1.3 Configuration of (r)epstopdf for TeX Liv
e
))
ABD: EveryShipout initializing macros
*geometry* driver: auto-detecting
*geometry* detected driver: pdftex
*geometry* verbose mode - [ preamble ] result:
* driver: pdftex
* paper: <default>
* layout: <same size as paper>
* layoutoffset:(h,v)=(0.0pt,0.0pt)
* modes: 
* h-part:(L,W,R)=(72.26999pt, 469.75502pt, 72.26999pt)
* v-part:(T,H,B)=(72.26999pt, 650.43001pt, 72.26999pt)
* \paperwidth=614.295pt
* \paperheight=794.96999pt
* \textwidth=469.75502pt
* \textheight=650.43001pt
* \oddsidemargin=0.0pt
* \evensidemargin=0.0pt
* \topmargin=-54.0pt
* \headheight=12.0pt
* \headsep=42.0pt
* \topskip=12.0pt
* \footskip=30.0pt
* \marginparwidth=68.0pt
* \marginparsep=10.0pt
* \columnsep=10.0pt
* \skip\footins=20.0pt plus 4.0pt minus 4.0pt
* \hoffset=0.0pt
* \voffset=0.0pt
* \mag=1000
* \@twocolumnfalse
* \@twosidefalse
* \@mparswitchfalse
* \@reversemarginfalse
* (1in=72.27pt=25.4mm, 1cm=28.453pt)

Package biblatex Info: No input encoding detected.
(biblatex)             Assuming 'ascii'.
Package biblatex Info: Automatic encoding selection.
(biblatex)             Assuming data encoding 'ascii'.
\openout4 = `dissertation-blx.bib'.

Package biblatex Info: Trying to load bibliographic data...
Package biblatex Info: ... file 'dissertation.bbl' found.
(./dissertation.bbl)
Package biblatex Info: Reference section=0 on input line 54.
Package biblatex Info: Reference segment=0 on input line 54.

Package pgfplots notification 'compat/show suggested version=true': document ha
s been generated with the most recent feature set (\pgfplotsset{compat=1.12}).

\AtBeginShipoutBox=\box73
Package hyperref Info: Link coloring OFF on input line 54.
(/usr/local/texlive/2015/texmf-dist/tex/latex/hyperref/nameref.sty
Package: nameref 2012/10/27 v2.43 Cross-referencing by name of section

(/usr/local/texlive/2015/texmf-dist/tex/generic/oberdiek/gettitlestring.sty
Package: gettitlestring 2010/12/03 v1.4 Cleanup title references (HO)
)
\c@section@level=\count334
)
LaTeX Info: Redefining \ref on input line 54.
LaTeX Info: Redefining \pageref on input line 54.
LaTeX Info: Redefining \nameref on input line 54.

(./dissertation.out) (./dissertation.out)
\@outlinefile=\write5
\openout5 = `dissertation.out'.

LaTeX Font Info:    Try loading font information for OMS+cmr on input line 90.

(/usr/local/texlive/2015/texmf-dist/tex/latex/base/omscmr.fd
File: omscmr.fd 2014/09/29 v2.5h Standard LaTeX font definitions
)
LaTeX Font Info:    Font shape `OMS/cmr/m/n' in size <12> not available
(Font)              Font shape `OMS/cmsy/m/n' tried instead on input line 90.
 [1


{/usr/local/texlive/2015/texmf-var/fonts/map/pdftex/updmap/pdftex.map}]
LaTeX Font Info:    Try loading font information for U+msa on input line 94.

(/usr/local/texlive/2015/texmf-dist/tex/latex/amsfonts/umsa.fd
File: umsa.fd 2013/01/14 v3.01 AMS symbols A
)
LaTeX Font Info:    Try loading font information for U+msb on input line 94.

(/usr/local/texlive/2015/texmf-dist/tex/latex/amsfonts/umsb.fd
File: umsb.fd 2013/01/14 v3.01 AMS symbols B
) [0]
Underfull \hbox (badness 10000) in paragraph at lines 108--109

 []

pdfTeX warning (ext4): destination with the same identifier (name{page.i}) has 
been already used, duplicate ignored
<to be read again> 
                   \relax 
l.110 \tableofcontents
                       [1] (./dissertation.toc [2

])
\tf@toc=\write6
\openout6 = `dissertation.toc'.

 [3] (./dissertation.loa)
\tf@loa=\write7
\openout7 = `dissertation.loa'.


[4

] (./dissertation.lot [5

])
\tf@lot=\write8
\openout8 = `dissertation.lot'.

 [6] (./dissertation.lof [7

])
\tf@lof=\write9
\openout9 = `dissertation.lof'.

 [8]
CHAPTER 1.
[9


] [10] [11] [12] [13] [14]
CHAPTER 2.
[15

] [16] [17] [18] [19] [20] [21] [22]
CHAPTER 3.
[23

] [24] [25]
Package hyperref Info: bookmark level for unknown algorithm defaults to 0 on in
put line 489.
 [26] [27] [28] [29] [30] [31] [32]
Missing character: There is no ; in font nullfont!
 [33] [34]
Missing character: There is no ; in font nullfont!
 [35]
Missing character: There is no ; in font nullfont!
Missing character: There is no ; in font nullfont!
 [36] [37]
[38]
Missing character: There is no ; in font nullfont!
 [39] [40] [41] [42]
CHAPTER 4.
[43

] [44] [45] [46] [47] [48] [49] [50] [51]
<figures/convergence.png, id=928, 2400.97pt x 1559.8275pt>
File: figures/convergence.png Graphic file (type png)

<use figures/convergence.png>
Package pdftex.def Info: figures/convergence.png used on input line 1392.
(pdftex.def)             Requested size: 441.57086pt x 286.8737pt.
Package epstopdf Info: Source file: <figures/mirsvm_figure.eps>
(epstopdf)                    date: 2017-06-12 12:48:28
(epstopdf)                    size: 148829 bytes
(epstopdf)             Output file: <figures/mirsvm_figure-eps-converted-to.pdf
>
(epstopdf)                    date: 2018-02-15 19:01:15
(epstopdf)                    size: 56849 bytes
(epstopdf)             Command: <repstopdf --outfile=figures/mirsvm_figure-eps-
converted-to.pdf figures/mirsvm_figure.eps>
(epstopdf)             \includegraphics on input line 1400.
Package epstopdf Info: Output file is already uptodate.

<figures/mirsvm_figure-eps-converted-to.pdf, id=930, 421.575pt x 316.18124pt>
File: figures/mirsvm_figure-eps-converted-to.pdf Graphic file (type pdf)

<use figures/mirsvm_figure-eps-converted-to.pdf>
Package pdftex.def Info: figures/mirsvm_figure-eps-converted-to.pdf used on inp
ut line 1400.
(pdftex.def)             Requested size: 234.8775pt x 176.1581pt.
Package epstopdf Info: Source file: <figures/misvm_figure.eps>
(epstopdf)                    date: 2017-06-12 12:48:28
(epstopdf)                    size: 158305 bytes
(epstopdf)             Output file: <figures/misvm_figure-eps-converted-to.pdf>

(epstopdf)                    date: 2018-02-15 19:01:16
(epstopdf)                    size: 58445 bytes
(epstopdf)             Command: <repstopdf --outfile=figures/misvm_figure-eps-c
onverted-to.pdf figures/misvm_figure.eps>
(epstopdf)             \includegraphics on input line 1404.
Package epstopdf Info: Output file is already uptodate.

<figures/misvm_figure-eps-converted-to.pdf, id=931, 421.575pt x 316.18124pt>
File: figures/misvm_figure-eps-converted-to.pdf Graphic file (type pdf)

<use figures/misvm_figure-eps-converted-to.pdf>
Package pdftex.def Info: figures/misvm_figure-eps-converted-to.pdf used on inpu
t line 1404.
(pdftex.def)             Requested size: 234.8775pt x 176.1581pt.
 [52 <./figures/convergence.png>] [53 <./figures/mirsvm_figure-eps-converted-to
.pdf> <./figures/misvm_figure-eps-converted-to.pdf>] [54]
Missing character: There is no  in font cmr12!
Missing character: There is no  in font cmr12!
Missing character: There is no  in font cmr12!
 [55] [56]
Missing character: There is no ; in font nullfont!
 [57]
Missing character: There is no ; in font nullfont!
 [58]
Missing character: There is no ; in font nullfont!

Underfull \hbox (badness 10000) in paragraph at lines 1643--1705
[][]
 []

[59]
Missing character: There is no ; in font nullfont!
 [60] [61]
Missing character: There is no ; in font nullfont!
 [62]
Missing character: There is no ; in font nullfont!
 [63] [64] [65] [66]
CHAPTER 5.
[67

]
CHAPTER 6.
[68

] [69] [70

] [71] [72] [73] [74] [75] [76] [77] [78]
Appendix A.
[79

] <figures/pr.jpg, id=1152, 578.16pt x 770.88pt>
File: figures/pr.jpg Graphic file (type jpg)
 <use figures/pr.jpg>
Package pdftex.def Info: figures/pr.jpg used on input line 2021.
(pdftex.def)             Requested size: 144.53964pt x 192.71953pt.


pdfTeX warning: /Library/TeX/texbin/pdflatex (file ./publications/mirsvm.pdf): 
PDF inclusion: found PDF version <1.7>, but at most version <1.5> allowed
<publications/mirsvm.pdf, id=1153, 597.47716pt x 796.89719pt>
File: publications/mirsvm.pdf Graphic file (type pdf)

<use publications/mirsvm.pdf>
Package pdftex.def Info: publications/mirsvm.pdf used on input line 2031.
(pdftex.def)             Requested size: 597.47571pt x 796.89525pt.


pdfTeX warning: /Library/TeX/texbin/pdflatex (file ./publications/mirsvm.pdf): 
PDF inclusion: found PDF version <1.7>, but at most version <1.5> allowed
File: publications/mirsvm.pdf Graphic file (type pdf)
<use publications/mirsvm.pdf>
Package pdftex.def Info: publications/mirsvm.pdf used on input line 2031.
(pdftex.def)             Requested size: 597.47571pt x 796.89525pt.


pdfTeX warning: /Library/TeX/texbin/pdflatex (file ./publications/mirsvm.pdf): 
PDF inclusion: found PDF version <1.7>, but at most version <1.5> allowed


pdfTeX warning: /Library/TeX/texbin/pdflatex (file ./publications/mirsvm.pdf): 
PDF inclusion: found PDF version <1.7>, but at most version <1.5> allowed
<publications/mirsvm.pdf, id=1156, page=1, 597.47716pt x 796.89719pt>
File: publications/mirsvm.pdf Graphic file (type pdf)

<use publications/mirsvm.pdf, page 1>
Package pdftex.def Info: publications/mirsvm.pdf, page1 used on input line 2031
.
(pdftex.def)             Requested size: 597.47571pt x 796.89525pt.
File: publications/mirsvm.pdf Graphic file (type pdf)
 <use publications/mirsvm.pdf, page 1>
Package pdftex.def Info: publications/mirsvm.pdf, page1 used on input line 2031
.
(pdftex.def)             Requested size: 477.98238pt x 637.51862pt.
File: publications/mirsvm.pdf Graphic file (type pdf)

<use publications/mirsvm.pdf, page 1>
Package pdftex.def Info: publications/mirsvm.pdf, page1 used on input line 2031
.
(pdftex.def)             Requested size: 477.98238pt x 637.51862pt.
File: publications/mirsvm.pdf Graphic file (type pdf)
 <use publications/mirsvm.pdf, page 1>
Package pdftex.def Info: publications/mirsvm.pdf, page1 used on input line 2031
.
(pdftex.def)             Requested size: 477.98238pt x 637.51862pt.

[80 <./figures/pr.jpg>]
File: publications/mirsvm.pdf Graphic file (type pdf)
 <use publications/mirsvm.pdf, page 1>
Package pdftex.def Info: publications/mirsvm.pdf, page1 used on input line 2031
.
(pdftex.def)             Requested size: 477.98238pt x 637.51862pt.
 [81 <./publications/mirsvm.pdf>]
File: publications/mirsvm.pdf Graphic file (type pdf)
 <use publications/mirsvm.pdf>
Package pdftex.def Info: publications/mirsvm.pdf used on input line 2032.
(pdftex.def)             Requested size: 597.47571pt x 796.89525pt.


pdfTeX warning: /Library/TeX/texbin/pdflatex (file ./publications/mirsvm.pdf): 
PDF inclusion: found PDF version <1.7>, but at most version <1.5> allowed
File: publications/mirsvm.pdf Graphic file (type pdf)
<use publications/mirsvm.pdf>
Package pdftex.def Info: publications/mirsvm.pdf used on input line 2032.
(pdftex.def)             Requested size: 597.47571pt x 796.89525pt.


pdfTeX warning: /Library/TeX/texbin/pdflatex (file ./publications/mirsvm.pdf): 
PDF inclusion: found PDF version <1.7>, but at most version <1.5> allowed


pdfTeX warning: /Library/TeX/texbin/pdflatex (file ./publications/mirsvm.pdf): 
PDF inclusion: found PDF version <1.7>, but at most version <1.5> allowed
<publications/mirsvm.pdf, id=1218, page=2, 597.47716pt x 796.89719pt>
File: publications/mirsvm.pdf Graphic file (type pdf)

<use publications/mirsvm.pdf, page 2>
Package pdftex.def Info: publications/mirsvm.pdf, page2 used on input line 2032
.
(pdftex.def)             Requested size: 597.47571pt x 796.89525pt.
File: publications/mirsvm.pdf Graphic file (type pdf)
 <use publications/mirsvm.pdf, page 2>
Package pdftex.def Info: publications/mirsvm.pdf, page2 used on input line 2032
.
(pdftex.def)             Requested size: 477.98238pt x 637.51862pt.
File: publications/mirsvm.pdf Graphic file (type pdf)

<use publications/mirsvm.pdf, page 2>
Package pdftex.def Info: publications/mirsvm.pdf, page2 used on input line 2032
.
(pdftex.def)             Requested size: 477.98238pt x 637.51862pt.
File: publications/mirsvm.pdf Graphic file (type pdf)
 <use publications/mirsvm.pdf, page 2>
Package pdftex.def Info: publications/mirsvm.pdf, page2 used on input line 2032
.
(pdftex.def)             Requested size: 477.98238pt x 637.51862pt.


pdfTeX warning: /Library/TeX/texbin/pdflatex (file ./publications/mirsvm.pdf): 
PDF inclusion: found PDF version <1.7>, but at most version <1.5> allowed
<publications/mirsvm.pdf, id=1219, page=3, 597.47716pt x 796.89719pt>
File: publications/mirsvm.pdf Graphic file (type pdf)

<use publications/mirsvm.pdf, page 3>
Package pdftex.def Info: publications/mirsvm.pdf, page3 used on input line 2032
.
(pdftex.def)             Requested size: 477.98238pt x 637.51862pt.
File: publications/mirsvm.pdf Graphic file (type pdf)
 <use publications/mirsvm.pdf, page 3>
Package pdftex.def Info: publications/mirsvm.pdf, page3 used on input line 2032
.
(pdftex.def)             Requested size: 477.98238pt x 637.51862pt.
File: publications/mirsvm.pdf Graphic file (type pdf)

<use publications/mirsvm.pdf, page 2>
Package pdftex.def Info: publications/mirsvm.pdf, page2 used on input line 2032
.
(pdftex.def)             Requested size: 477.98238pt x 637.51862pt.
 [82 <./publications/mirsvm.pdf>]

pdfTeX warning: /Library/TeX/texbin/pdflatex (file ./publications/mirsvm.pdf): 
PDF inclusion: found PDF version <1.7>, but at most version <1.5> allowed
<publications/mirsvm.pdf, id=1255, page=4, 597.47716pt x 796.89719pt>
File: publications/mirsvm.pdf Graphic file (type pdf)

<use publications/mirsvm.pdf, page 4>
Package pdftex.def Info: publications/mirsvm.pdf, page4 used on input line 2032
.
(pdftex.def)             Requested size: 477.98238pt x 637.51862pt.
File: publications/mirsvm.pdf Graphic file (type pdf)
 <use publications/mirsvm.pdf, page 4>
Package pdftex.def Info: publications/mirsvm.pdf, page4 used on input line 2032
.
(pdftex.def)             Requested size: 477.98238pt x 637.51862pt.
File: publications/mirsvm.pdf Graphic file (type pdf)

<use publications/mirsvm.pdf, page 3>
Package pdftex.def Info: publications/mirsvm.pdf, page3 used on input line 2032
.
(pdftex.def)             Requested size: 477.98238pt x 637.51862pt.
 [83 <./publications/mirsvm.pdf>]

pdfTeX warning: /Library/TeX/texbin/pdflatex (file ./publications/mirsvm.pdf): 
PDF inclusion: found PDF version <1.7>, but at most version <1.5> allowed
<publications/mirsvm.pdf, id=1272, page=5, 597.47716pt x 796.89719pt>
File: publications/mirsvm.pdf Graphic file (type pdf)

<use publications/mirsvm.pdf, page 5>
Package pdftex.def Info: publications/mirsvm.pdf, page5 used on input line 2032
.
(pdftex.def)             Requested size: 477.98238pt x 637.51862pt.
File: publications/mirsvm.pdf Graphic file (type pdf)
 <use publications/mirsvm.pdf, page 5>
Package pdftex.def Info: publications/mirsvm.pdf, page5 used on input line 2032
.
(pdftex.def)             Requested size: 477.98238pt x 637.51862pt.
File: publications/mirsvm.pdf Graphic file (type pdf)

<use publications/mirsvm.pdf, page 4>
Package pdftex.def Info: publications/mirsvm.pdf, page4 used on input line 2032
.
(pdftex.def)             Requested size: 477.98238pt x 637.51862pt.
 [84 <./publications/mirsvm.pdf>]

pdfTeX warning: /Library/TeX/texbin/pdflatex (file ./publications/mirsvm.pdf): 
PDF inclusion: found PDF version <1.7>, but at most version <1.5> allowed
<publications/mirsvm.pdf, id=1278, page=6, 597.47716pt x 796.89719pt>
File: publications/mirsvm.pdf Graphic file (type pdf)

<use publications/mirsvm.pdf, page 6>
Package pdftex.def Info: publications/mirsvm.pdf, page6 used on input line 2032
.
(pdftex.def)             Requested size: 477.98238pt x 637.51862pt.
File: publications/mirsvm.pdf Graphic file (type pdf)
 <use publications/mirsvm.pdf, page 6>
Package pdftex.def Info: publications/mirsvm.pdf, page6 used on input line 2032
.
(pdftex.def)             Requested size: 477.98238pt x 637.51862pt.
File: publications/mirsvm.pdf Graphic file (type pdf)

<use publications/mirsvm.pdf, page 5>
Package pdftex.def Info: publications/mirsvm.pdf, page5 used on input line 2032
.
(pdftex.def)             Requested size: 477.98238pt x 637.51862pt.
 [85 <./publications/mirsvm.pdf>]

pdfTeX warning: /Library/TeX/texbin/pdflatex (file ./publications/mirsvm.pdf): 
PDF inclusion: found PDF version <1.7>, but at most version <1.5> allowed
<publications/mirsvm.pdf, id=1302, page=7, 597.47716pt x 796.89719pt>
File: publications/mirsvm.pdf Graphic file (type pdf)

<use publications/mirsvm.pdf, page 7>
Package pdftex.def Info: publications/mirsvm.pdf, page7 used on input line 2032
.
(pdftex.def)             Requested size: 477.98238pt x 637.51862pt.
File: publications/mirsvm.pdf Graphic file (type pdf)
 <use publications/mirsvm.pdf, page 7>
Package pdftex.def Info: publications/mirsvm.pdf, page7 used on input line 2032
.
(pdftex.def)             Requested size: 477.98238pt x 637.51862pt.
File: publications/mirsvm.pdf Graphic file (type pdf)

<use publications/mirsvm.pdf, page 6>
Package pdftex.def Info: publications/mirsvm.pdf, page6 used on input line 2032
.
(pdftex.def)             Requested size: 477.98238pt x 637.51862pt.
 [86 <./publications/mirsvm.pdf>]

pdfTeX warning: /Library/TeX/texbin/pdflatex (file ./publications/mirsvm.pdf): 
PDF inclusion: found PDF version <1.7>, but at most version <1.5> allowed
<publications/mirsvm.pdf, id=1312, page=8, 597.47716pt x 796.89719pt>
File: publications/mirsvm.pdf Graphic file (type pdf)

<use publications/mirsvm.pdf, page 8>
Package pdftex.def Info: publications/mirsvm.pdf, page8 used on input line 2032
.
(pdftex.def)             Requested size: 477.98238pt x 637.51862pt.
File: publications/mirsvm.pdf Graphic file (type pdf)
 <use publications/mirsvm.pdf, page 8>
Package pdftex.def Info: publications/mirsvm.pdf, page8 used on input line 2032
.
(pdftex.def)             Requested size: 477.98238pt x 637.51862pt.
File: publications/mirsvm.pdf Graphic file (type pdf)

<use publications/mirsvm.pdf, page 7>
Package pdftex.def Info: publications/mirsvm.pdf, page7 used on input line 2032
.
(pdftex.def)             Requested size: 477.98238pt x 637.51862pt.
 [87 <./publications/mirsvm.pdf>]

pdfTeX warning: /Library/TeX/texbin/pdflatex (file ./publications/mirsvm.pdf): 
PDF inclusion: found PDF version <1.7>, but at most version <1.5> allowed
<publications/mirsvm.pdf, id=1322, page=9, 597.47716pt x 796.89719pt>
File: publications/mirsvm.pdf Graphic file (type pdf)

<use publications/mirsvm.pdf, page 9>
Package pdftex.def Info: publications/mirsvm.pdf, page9 used on input line 2032
.
(pdftex.def)             Requested size: 477.98238pt x 637.51862pt.
File: publications/mirsvm.pdf Graphic file (type pdf)
 <use publications/mirsvm.pdf, page 9>
Package pdftex.def Info: publications/mirsvm.pdf, page9 used on input line 2032
.
(pdftex.def)             Requested size: 477.98238pt x 637.51862pt.
File: publications/mirsvm.pdf Graphic file (type pdf)

<use publications/mirsvm.pdf, page 8>
Package pdftex.def Info: publications/mirsvm.pdf, page8 used on input line 2032
.
(pdftex.def)             Requested size: 477.98238pt x 637.51862pt.
 [88 <./publications/mirsvm.pdf>]

pdfTeX warning: /Library/TeX/texbin/pdflatex (file ./publications/mirsvm.pdf): 
PDF inclusion: found PDF version <1.7>, but at most version <1.5> allowed
<publications/mirsvm.pdf, id=1348, page=10, 597.47716pt x 796.89719pt>
File: publications/mirsvm.pdf Graphic file (type pdf)

<use publications/mirsvm.pdf, page 10>
Package pdftex.def Info: publications/mirsvm.pdf, page10 used on input line 203
2.
(pdftex.def)             Requested size: 477.98238pt x 637.51862pt.
File: publications/mirsvm.pdf Graphic file (type pdf)
 <use publications/mirsvm.pdf, page 10>
Package pdftex.def Info: publications/mirsvm.pdf, page10 used on input line 203
2.
(pdftex.def)             Requested size: 477.98238pt x 637.51862pt.
File: publications/mirsvm.pdf Graphic file (type pdf)

<use publications/mirsvm.pdf, page 9>
Package pdftex.def Info: publications/mirsvm.pdf, page9 used on input line 2032
.
(pdftex.def)             Requested size: 477.98238pt x 637.51862pt.
 [89 <./publications/mirsvm.pdf>]

pdfTeX warning: /Library/TeX/texbin/pdflatex (file ./publications/mirsvm.pdf): 
PDF inclusion: found PDF version <1.7>, but at most version <1.5> allowed
<publications/mirsvm.pdf, id=1359, page=11, 597.47716pt x 796.89719pt>
File: publications/mirsvm.pdf Graphic file (type pdf)

<use publications/mirsvm.pdf, page 11>
Package pdftex.def Info: publications/mirsvm.pdf, page11 used on input line 203
2.
(pdftex.def)             Requested size: 477.98238pt x 637.51862pt.
File: publications/mirsvm.pdf Graphic file (type pdf)
 <use publications/mirsvm.pdf, page 11>
Package pdftex.def Info: publications/mirsvm.pdf, page11 used on input line 203
2.
(pdftex.def)             Requested size: 477.98238pt x 637.51862pt.
File: publications/mirsvm.pdf Graphic file (type pdf)

<use publications/mirsvm.pdf, page 10>
Package pdftex.def Info: publications/mirsvm.pdf, page10 used on input line 203
2.
(pdftex.def)             Requested size: 477.98238pt x 637.51862pt.
 [90 <./publications/mirsvm.pdf>]

pdfTeX warning: /Library/TeX/texbin/pdflatex (file ./publications/mirsvm.pdf): 
PDF inclusion: found PDF version <1.7>, but at most version <1.5> allowed
<publications/mirsvm.pdf, id=1365, page=12, 597.47716pt x 796.89719pt>
File: publications/mirsvm.pdf Graphic file (type pdf)

<use publications/mirsvm.pdf, page 12>
Package pdftex.def Info: publications/mirsvm.pdf, page12 used on input line 203
2.
(pdftex.def)             Requested size: 477.98238pt x 637.51862pt.
File: publications/mirsvm.pdf Graphic file (type pdf)
 <use publications/mirsvm.pdf, page 12>
Package pdftex.def Info: publications/mirsvm.pdf, page12 used on input line 203
2.
(pdftex.def)             Requested size: 477.98238pt x 637.51862pt.
File: publications/mirsvm.pdf Graphic file (type pdf)

<use publications/mirsvm.pdf, page 11>
Package pdftex.def Info: publications/mirsvm.pdf, page11 used on input line 203
2.
(pdftex.def)             Requested size: 477.98238pt x 637.51862pt.
 [91 <./publications/mirsvm.pdf>]

pdfTeX warning: /Library/TeX/texbin/pdflatex (file ./publications/mirsvm.pdf): 
PDF inclusion: found PDF version <1.7>, but at most version <1.5> allowed
<publications/mirsvm.pdf, id=1371, page=13, 597.47716pt x 796.89719pt>
File: publications/mirsvm.pdf Graphic file (type pdf)

<use publications/mirsvm.pdf, page 13>
Package pdftex.def Info: publications/mirsvm.pdf, page13 used on input line 203
2.
(pdftex.def)             Requested size: 477.98238pt x 637.51862pt.
File: publications/mirsvm.pdf Graphic file (type pdf)
 <use publications/mirsvm.pdf, page 13>
Package pdftex.def Info: publications/mirsvm.pdf, page13 used on input line 203
2.
(pdftex.def)             Requested size: 477.98238pt x 637.51862pt.
File: publications/mirsvm.pdf Graphic file (type pdf)

<use publications/mirsvm.pdf, page 12>
Package pdftex.def Info: publications/mirsvm.pdf, page12 used on input line 203
2.
(pdftex.def)             Requested size: 477.98238pt x 637.51862pt.
 [92 <./publications/mirsvm.pdf>]

pdfTeX warning: /Library/TeX/texbin/pdflatex (file ./publications/mirsvm.pdf): 
PDF inclusion: found PDF version <1.7>, but at most version <1.5> allowed
<publications/mirsvm.pdf, id=1377, page=14, 597.47716pt x 796.89719pt>
File: publications/mirsvm.pdf Graphic file (type pdf)

<use publications/mirsvm.pdf, page 14>
Package pdftex.def Info: publications/mirsvm.pdf, page14 used on input line 203
2.
(pdftex.def)             Requested size: 477.98238pt x 637.51862pt.
File: publications/mirsvm.pdf Graphic file (type pdf)
 <use publications/mirsvm.pdf, page 14>
Package pdftex.def Info: publications/mirsvm.pdf, page14 used on input line 203
2.
(pdftex.def)             Requested size: 477.98238pt x 637.51862pt.
File: publications/mirsvm.pdf Graphic file (type pdf)

<use publications/mirsvm.pdf, page 13>
Package pdftex.def Info: publications/mirsvm.pdf, page13 used on input line 203
2.
(pdftex.def)             Requested size: 477.98238pt x 637.51862pt.
 [93 <./publications/mirsvm.pdf>]
File: publications/mirsvm.pdf Graphic file (type pdf)

<use publications/mirsvm.pdf, page 14>
Package pdftex.def Info: publications/mirsvm.pdf, page14 used on input line 203
2.
(pdftex.def)             Requested size: 477.98238pt x 637.51862pt.
 [94 <./publications/mirsvm.pdf>]
<figures/is.jpg, id=1388, 565.11125pt x 770.88pt>
File: figures/is.jpg Graphic file (type jpg)
 <use figures/is.jpg>
Package pdftex.def Info: figures/is.jpg used on input line 2041.
(pdftex.def)             Requested size: 141.27747pt x 192.71953pt.
Missing character: There is no  in font cmcsc10!
Missing character: There is no  in font cmcsc10!
Missing character: There is no  in font cmcsc10!


pdfTeX warning: /Library/TeX/texbin/pdflatex (file ./publications/mtr.pdf): PDF
 inclusion: found PDF version <1.7>, but at most version <1.5> allowed
<publications/mtr.pdf, id=1389, 546.21864pt x 745.43294pt>
File: publications/mtr.pdf Graphic file (type pdf)

<use publications/mtr.pdf>
Package pdftex.def Info: publications/mtr.pdf used on input line 2051.
(pdftex.def)             Requested size: 546.2173pt x 745.4311pt.


pdfTeX warning: /Library/TeX/texbin/pdflatex (file ./publications/mtr.pdf): PDF
 inclusion: found PDF version <1.7>, but at most version <1.5> allowed
File: publications/mtr.pdf Graphic file (type pdf)
<use publications/mtr.pdf>
Package pdftex.def Info: publications/mtr.pdf used on input line 2051.
(pdftex.def)             Requested size: 546.2173pt x 745.4311pt.


pdfTeX warning: /Library/TeX/texbin/pdflatex (file ./publications/mtr.pdf): PDF
 inclusion: found PDF version <1.7>, but at most version <1.5> allowed


pdfTeX warning: /Library/TeX/texbin/pdflatex (file ./publications/mtr.pdf): PDF
 inclusion: found PDF version <1.7>, but at most version <1.5> allowed
<publications/mtr.pdf, id=1392, page=1, 546.21864pt x 745.43294pt>
File: publications/mtr.pdf Graphic file (type pdf)

<use publications/mtr.pdf, page 1>
Package pdftex.def Info: publications/mtr.pdf, page1 used on input line 2051.
(pdftex.def)             Requested size: 546.2173pt x 745.4311pt.
File: publications/mtr.pdf Graphic file (type pdf)
 <use publications/mtr.pdf, page 1>
Package pdftex.def Info: publications/mtr.pdf, page1 used on input line 2051.
(pdftex.def)             Requested size: 436.9755pt x 596.34715pt.
File: publications/mtr.pdf Graphic file (type pdf)

<use publications/mtr.pdf, page 1>
Package pdftex.def Info: publications/mtr.pdf, page1 used on input line 2051.
(pdftex.def)             Requested size: 436.9755pt x 596.34715pt.
File: publications/mtr.pdf Graphic file (type pdf)
 <use publications/mtr.pdf, page 1>
Package pdftex.def Info: publications/mtr.pdf, page1 used on input line 2051.
(pdftex.def)             Requested size: 436.9755pt x 596.34715pt.
 [95 <./figures/is.jpg>]
File: publications/mtr.pdf Graphic file (type pdf)
 <use publications/mtr.pdf, page 1>
Package pdftex.def Info: publications/mtr.pdf, page1 used on input line 2051.
(pdftex.def)             Requested size: 436.9755pt x 596.34715pt.
 [96 <./publications/mtr.pdf>]
File: publications/mtr.pdf Graphic file (type pdf)
<use publications/mtr.pdf>
Package pdftex.def Info: publications/mtr.pdf used on input line 2052.
(pdftex.def)             Requested size: 546.2173pt x 745.4311pt.


pdfTeX warning: /Library/TeX/texbin/pdflatex (file ./publications/mtr.pdf): PDF
 inclusion: found PDF version <1.7>, but at most version <1.5> allowed
File: publications/mtr.pdf Graphic file (type pdf)
<use publications/mtr.pdf>
Package pdftex.def Info: publications/mtr.pdf used on input line 2052.
(pdftex.def)             Requested size: 546.2173pt x 745.4311pt.


pdfTeX warning: /Library/TeX/texbin/pdflatex (file ./publications/mtr.pdf): PDF
 inclusion: found PDF version <1.7>, but at most version <1.5> allowed


pdfTeX warning: /Library/TeX/texbin/pdflatex (file ./publications/mtr.pdf): PDF
 inclusion: found PDF version <1.7>, but at most version <1.5> allowed
<publications/mtr.pdf, id=1454, page=2, 546.21864pt x 745.43294pt>
File: publications/mtr.pdf Graphic file (type pdf)

<use publications/mtr.pdf, page 2>
Package pdftex.def Info: publications/mtr.pdf, page2 used on input line 2052.
(pdftex.def)             Requested size: 546.2173pt x 745.4311pt.
File: publications/mtr.pdf Graphic file (type pdf)
 <use publications/mtr.pdf, page 2>
Package pdftex.def Info: publications/mtr.pdf, page2 used on input line 2052.
(pdftex.def)             Requested size: 436.9755pt x 596.34715pt.
File: publications/mtr.pdf Graphic file (type pdf)

<use publications/mtr.pdf, page 2>
Package pdftex.def Info: publications/mtr.pdf, page2 used on input line 2052.
(pdftex.def)             Requested size: 436.9755pt x 596.34715pt.
File: publications/mtr.pdf Graphic file (type pdf)
 <use publications/mtr.pdf, page 2>
Package pdftex.def Info: publications/mtr.pdf, page2 used on input line 2052.
(pdftex.def)             Requested size: 436.9755pt x 596.34715pt.


pdfTeX warning: /Library/TeX/texbin/pdflatex (file ./publications/mtr.pdf): PDF
 inclusion: found PDF version <1.7>, but at most version <1.5> allowed
<publications/mtr.pdf, id=1455, page=3, 546.21864pt x 745.43294pt>
File: publications/mtr.pdf Graphic file (type pdf)

<use publications/mtr.pdf, page 3>
Package pdftex.def Info: publications/mtr.pdf, page3 used on input line 2052.
(pdftex.def)             Requested size: 436.9755pt x 596.34715pt.
File: publications/mtr.pdf Graphic file (type pdf)
 <use publications/mtr.pdf, page 3>
Package pdftex.def Info: publications/mtr.pdf, page3 used on input line 2052.
(pdftex.def)             Requested size: 436.9755pt x 596.34715pt.
File: publications/mtr.pdf Graphic file (type pdf)

<use publications/mtr.pdf, page 2>
Package pdftex.def Info: publications/mtr.pdf, page2 used on input line 2052.
(pdftex.def)             Requested size: 436.9755pt x 596.34715pt.
 [97 <./publications/mtr.pdf>]

pdfTeX warning: /Library/TeX/texbin/pdflatex (file ./publications/mtr.pdf): PDF
 inclusion: found PDF version <1.7>, but at most version <1.5> allowed
<publications/mtr.pdf, id=1466, page=4, 546.21864pt x 745.43294pt>
File: publications/mtr.pdf Graphic file (type pdf)

<use publications/mtr.pdf, page 4>
Package pdftex.def Info: publications/mtr.pdf, page4 used on input line 2052.
(pdftex.def)             Requested size: 436.9755pt x 596.34715pt.
File: publications/mtr.pdf Graphic file (type pdf)
 <use publications/mtr.pdf, page 4>
Package pdftex.def Info: publications/mtr.pdf, page4 used on input line 2052.
(pdftex.def)             Requested size: 436.9755pt x 596.34715pt.
File: publications/mtr.pdf Graphic file (type pdf)

<use publications/mtr.pdf, page 3>
Package pdftex.def Info: publications/mtr.pdf, page3 used on input line 2052.
(pdftex.def)             Requested size: 436.9755pt x 596.34715pt.
 [98 <./publications/mtr.pdf>]

pdfTeX warning: /Library/TeX/texbin/pdflatex (file ./publications/mtr.pdf): PDF
 inclusion: found PDF version <1.7>, but at most version <1.5> allowed
<publications/mtr.pdf, id=1520, page=5, 546.21864pt x 745.43294pt>
File: publications/mtr.pdf Graphic file (type pdf)

<use publications/mtr.pdf, page 5>
Package pdftex.def Info: publications/mtr.pdf, page5 used on input line 2052.
(pdftex.def)             Requested size: 436.9755pt x 596.34715pt.
File: publications/mtr.pdf Graphic file (type pdf)
 <use publications/mtr.pdf, page 5>
Package pdftex.def Info: publications/mtr.pdf, page5 used on input line 2052.
(pdftex.def)             Requested size: 436.9755pt x 596.34715pt.
File: publications/mtr.pdf Graphic file (type pdf)

<use publications/mtr.pdf, page 4>
Package pdftex.def Info: publications/mtr.pdf, page4 used on input line 2052.
(pdftex.def)             Requested size: 436.9755pt x 596.34715pt.
 [99 <./publications/mtr.pdf>]

pdfTeX warning: /Library/TeX/texbin/pdflatex (file ./publications/mtr.pdf): PDF
 inclusion: found PDF version <1.7>, but at most version <1.5> allowed
<publications/mtr.pdf, id=1526, page=6, 546.21864pt x 745.43294pt>
File: publications/mtr.pdf Graphic file (type pdf)

<use publications/mtr.pdf, page 6>
Package pdftex.def Info: publications/mtr.pdf, page6 used on input line 2052.
(pdftex.def)             Requested size: 436.9755pt x 596.34715pt.
File: publications/mtr.pdf Graphic file (type pdf)
 <use publications/mtr.pdf, page 6>
Package pdftex.def Info: publications/mtr.pdf, page6 used on input line 2052.
(pdftex.def)             Requested size: 436.9755pt x 596.34715pt.
File: publications/mtr.pdf Graphic file (type pdf)

<use publications/mtr.pdf, page 5>
Package pdftex.def Info: publications/mtr.pdf, page5 used on input line 2052.
(pdftex.def)             Requested size: 436.9755pt x 596.34715pt.
 [100 <./publications/mtr.pdf>]

pdfTeX warning: /Library/TeX/texbin/pdflatex (file ./publications/mtr.pdf): PDF
 inclusion: found PDF version <1.7>, but at most version <1.5> allowed
<publications/mtr.pdf, id=1552, page=7, 546.21864pt x 745.43294pt>
File: publications/mtr.pdf Graphic file (type pdf)

<use publications/mtr.pdf, page 7>
Package pdftex.def Info: publications/mtr.pdf, page7 used on input line 2052.
(pdftex.def)             Requested size: 436.9755pt x 596.34715pt.
File: publications/mtr.pdf Graphic file (type pdf)
 <use publications/mtr.pdf, page 7>
Package pdftex.def Info: publications/mtr.pdf, page7 used on input line 2052.
(pdftex.def)             Requested size: 436.9755pt x 596.34715pt.
File: publications/mtr.pdf Graphic file (type pdf)

<use publications/mtr.pdf, page 6>
Package pdftex.def Info: publications/mtr.pdf, page6 used on input line 2052.
(pdftex.def)             Requested size: 436.9755pt x 596.34715pt.
 [101 <./publications/mtr.pdf>]

pdfTeX warning: /Library/TeX/texbin/pdflatex (file ./publications/mtr.pdf): PDF
 inclusion: found PDF version <1.7>, but at most version <1.5> allowed
<publications/mtr.pdf, id=1568, page=8, 546.21864pt x 745.43294pt>
File: publications/mtr.pdf Graphic file (type pdf)

<use publications/mtr.pdf, page 8>
Package pdftex.def Info: publications/mtr.pdf, page8 used on input line 2052.
(pdftex.def)             Requested size: 436.9755pt x 596.34715pt.
File: publications/mtr.pdf Graphic file (type pdf)
 <use publications/mtr.pdf, page 8>
Package pdftex.def Info: publications/mtr.pdf, page8 used on input line 2052.
(pdftex.def)             Requested size: 436.9755pt x 596.34715pt.
File: publications/mtr.pdf Graphic file (type pdf)

<use publications/mtr.pdf, page 7>
Package pdftex.def Info: publications/mtr.pdf, page7 used on input line 2052.
(pdftex.def)             Requested size: 436.9755pt x 596.34715pt.
 [102 <./publications/mtr.pdf>]

pdfTeX warning: /Library/TeX/texbin/pdflatex (file ./publications/mtr.pdf): PDF
 inclusion: found PDF version <1.7>, but at most version <1.5> allowed
<publications/mtr.pdf, id=1583, page=9, 546.21864pt x 745.43294pt>
File: publications/mtr.pdf Graphic file (type pdf)

<use publications/mtr.pdf, page 9>
Package pdftex.def Info: publications/mtr.pdf, page9 used on input line 2052.
(pdftex.def)             Requested size: 436.9755pt x 596.34715pt.
File: publications/mtr.pdf Graphic file (type pdf)
 <use publications/mtr.pdf, page 9>
Package pdftex.def Info: publications/mtr.pdf, page9 used on input line 2052.
(pdftex.def)             Requested size: 436.9755pt x 596.34715pt.
File: publications/mtr.pdf Graphic file (type pdf)

<use publications/mtr.pdf, page 8>
Package pdftex.def Info: publications/mtr.pdf, page8 used on input line 2052.
(pdftex.def)             Requested size: 436.9755pt x 596.34715pt.
 [103 <./publications/mtr.pdf>]

pdfTeX warning: /Library/TeX/texbin/pdflatex (file ./publications/mtr.pdf): PDF
 inclusion: found PDF version <1.7>, but at most version <1.5> allowed
<publications/mtr.pdf, id=1589, page=10, 546.21864pt x 745.43294pt>
File: publications/mtr.pdf Graphic file (type pdf)

<use publications/mtr.pdf, page 10>
Package pdftex.def Info: publications/mtr.pdf, page10 used on input line 2052.
(pdftex.def)             Requested size: 436.9755pt x 596.34715pt.
File: publications/mtr.pdf Graphic file (type pdf)
 <use publications/mtr.pdf, page 10>
Package pdftex.def Info: publications/mtr.pdf, page10 used on input line 2052.
(pdftex.def)             Requested size: 436.9755pt x 596.34715pt.
File: publications/mtr.pdf Graphic file (type pdf)

<use publications/mtr.pdf, page 9>
Package pdftex.def Info: publications/mtr.pdf, page9 used on input line 2052.
(pdftex.def)             Requested size: 436.9755pt x 596.34715pt.
 [104 <./publications/mtr.pdf>]

pdfTeX warning: /Library/TeX/texbin/pdflatex (file ./publications/mtr.pdf): PDF
 inclusion: found PDF version <1.7>, but at most version <1.5> allowed
<publications/mtr.pdf, id=1596, page=11, 546.21864pt x 745.43294pt>
File: publications/mtr.pdf Graphic file (type pdf)

<use publications/mtr.pdf, page 11>
Package pdftex.def Info: publications/mtr.pdf, page11 used on input line 2052.
(pdftex.def)             Requested size: 436.9755pt x 596.34715pt.
File: publications/mtr.pdf Graphic file (type pdf)
 <use publications/mtr.pdf, page 11>
Package pdftex.def Info: publications/mtr.pdf, page11 used on input line 2052.
(pdftex.def)             Requested size: 436.9755pt x 596.34715pt.
File: publications/mtr.pdf Graphic file (type pdf)

<use publications/mtr.pdf, page 10>
Package pdftex.def Info: publications/mtr.pdf, page10 used on input line 2052.
(pdftex.def)             Requested size: 436.9755pt x 596.34715pt.
 [105 <./publications/mtr.pdf>]

pdfTeX warning: /Library/TeX/texbin/pdflatex (file ./publications/mtr.pdf): PDF
 inclusion: found PDF version <1.7>, but at most version <1.5> allowed
<publications/mtr.pdf, id=1602, page=12, 546.21864pt x 745.43294pt>
File: publications/mtr.pdf Graphic file (type pdf)

<use publications/mtr.pdf, page 12>
Package pdftex.def Info: publications/mtr.pdf, page12 used on input line 2052.
(pdftex.def)             Requested size: 436.9755pt x 596.34715pt.
File: publications/mtr.pdf Graphic file (type pdf)
 <use publications/mtr.pdf, page 12>
Package pdftex.def Info: publications/mtr.pdf, page12 used on input line 2052.
(pdftex.def)             Requested size: 436.9755pt x 596.34715pt.
File: publications/mtr.pdf Graphic file (type pdf)

<use publications/mtr.pdf, page 11>
Package pdftex.def Info: publications/mtr.pdf, page11 used on input line 2052.
(pdftex.def)             Requested size: 436.9755pt x 596.34715pt.
 [106 <./publications/mtr.pdf>]

pdfTeX warning: /Library/TeX/texbin/pdflatex (file ./publications/mtr.pdf): PDF
 inclusion: found PDF version <1.7>, but at most version <1.5> allowed
<publications/mtr.pdf, id=1608, page=13, 546.21864pt x 745.43294pt>
File: publications/mtr.pdf Graphic file (type pdf)

<use publications/mtr.pdf, page 13>
Package pdftex.def Info: publications/mtr.pdf, page13 used on input line 2052.
(pdftex.def)             Requested size: 436.9755pt x 596.34715pt.
File: publications/mtr.pdf Graphic file (type pdf)
 <use publications/mtr.pdf, page 13>
Package pdftex.def Info: publications/mtr.pdf, page13 used on input line 2052.
(pdftex.def)             Requested size: 436.9755pt x 596.34715pt.
File: publications/mtr.pdf Graphic file (type pdf)

<use publications/mtr.pdf, page 12>
Package pdftex.def Info: publications/mtr.pdf, page12 used on input line 2052.
(pdftex.def)             Requested size: 436.9755pt x 596.34715pt.
 [107 <./publications/mtr.pdf>]

pdfTeX warning: /Library/TeX/texbin/pdflatex (file ./publications/mtr.pdf): PDF
 inclusion: found PDF version <1.7>, but at most version <1.5> allowed
<publications/mtr.pdf, id=1623, page=14, 546.21864pt x 745.43294pt>
File: publications/mtr.pdf Graphic file (type pdf)

<use publications/mtr.pdf, page 14>
Package pdftex.def Info: publications/mtr.pdf, page14 used on input line 2052.
(pdftex.def)             Requested size: 436.9755pt x 596.34715pt.
File: publications/mtr.pdf Graphic file (type pdf)
 <use publications/mtr.pdf, page 14>
Package pdftex.def Info: publications/mtr.pdf, page14 used on input line 2052.
(pdftex.def)             Requested size: 436.9755pt x 596.34715pt.
File: publications/mtr.pdf Graphic file (type pdf)

<use publications/mtr.pdf, page 13>
Package pdftex.def Info: publications/mtr.pdf, page13 used on input line 2052.
(pdftex.def)             Requested size: 436.9755pt x 596.34715pt.
 [108 <./publications/mtr.pdf>]

pdfTeX warning: /Library/TeX/texbin/pdflatex (file ./publications/mtr.pdf): PDF
 inclusion: found PDF version <1.7>, but at most version <1.5> allowed
<publications/mtr.pdf, id=1633, page=15, 546.21864pt x 745.43294pt>
File: publications/mtr.pdf Graphic file (type pdf)

<use publications/mtr.pdf, page 15>
Package pdftex.def Info: publications/mtr.pdf, page15 used on input line 2052.
(pdftex.def)             Requested size: 436.9755pt x 596.34715pt.
File: publications/mtr.pdf Graphic file (type pdf)
 <use publications/mtr.pdf, page 15>
Package pdftex.def Info: publications/mtr.pdf, page15 used on input line 2052.
(pdftex.def)             Requested size: 436.9755pt x 596.34715pt.
File: publications/mtr.pdf Graphic file (type pdf)

<use publications/mtr.pdf, page 14>
Package pdftex.def Info: publications/mtr.pdf, page14 used on input line 2052.
(pdftex.def)             Requested size: 436.9755pt x 596.34715pt.
 [109 <./publications/mtr.pdf>]

pdfTeX warning: /Library/TeX/texbin/pdflatex (file ./publications/mtr.pdf): PDF
 inclusion: found PDF version <1.7>, but at most version <1.5> allowed
<publications/mtr.pdf, id=1643, page=16, 546.21864pt x 745.43294pt>
File: publications/mtr.pdf Graphic file (type pdf)

<use publications/mtr.pdf, page 16>
Package pdftex.def Info: publications/mtr.pdf, page16 used on input line 2052.
(pdftex.def)             Requested size: 436.9755pt x 596.34715pt.
File: publications/mtr.pdf Graphic file (type pdf)
 <use publications/mtr.pdf, page 16>
Package pdftex.def Info: publications/mtr.pdf, page16 used on input line 2052.
(pdftex.def)             Requested size: 436.9755pt x 596.34715pt.
File: publications/mtr.pdf Graphic file (type pdf)

<use publications/mtr.pdf, page 15>
Package pdftex.def Info: publications/mtr.pdf, page15 used on input line 2052.
(pdftex.def)             Requested size: 436.9755pt x 596.34715pt.
 [110 <./publications/mtr.pdf>]

pdfTeX warning: /Library/TeX/texbin/pdflatex (file ./publications/mtr.pdf): PDF
 inclusion: found PDF version <1.7>, but at most version <1.5> allowed
<publications/mtr.pdf, id=1653, page=17, 546.21864pt x 745.43294pt>
File: publications/mtr.pdf Graphic file (type pdf)

<use publications/mtr.pdf, page 17>
Package pdftex.def Info: publications/mtr.pdf, page17 used on input line 2052.
(pdftex.def)             Requested size: 436.9755pt x 596.34715pt.
File: publications/mtr.pdf Graphic file (type pdf)
 <use publications/mtr.pdf, page 17>
Package pdftex.def Info: publications/mtr.pdf, page17 used on input line 2052.
(pdftex.def)             Requested size: 436.9755pt x 596.34715pt.
File: publications/mtr.pdf Graphic file (type pdf)

<use publications/mtr.pdf, page 16>
Package pdftex.def Info: publications/mtr.pdf, page16 used on input line 2052.
(pdftex.def)             Requested size: 436.9755pt x 596.34715pt.
 [111 <./publications/mtr.pdf>]
File: publications/mtr.pdf Graphic file (type pdf)

<use publications/mtr.pdf, page 17>
Package pdftex.def Info: publications/mtr.pdf, page17 used on input line 2052.
(pdftex.def)             Requested size: 436.9755pt x 596.34715pt.
 [112 <./publications/mtr.pdf>]
Appendix B.

Overfull \hbox (23.99998pt too wide) in alignment at lines 2056--2077
 [] [] 
 []


Overfull \hbox (23.99998pt too wide) in alignment at lines 2077--2097
 [] [] 
 []


Overfull \hbox (23.99998pt too wide) in alignment at lines 2097--2111
 [] [] 
 []

[113

] [114] [115] [116

]
Package atveryend Info: Empty hook `BeforeClearDocument' on input line 2130.
Package atveryend Info: Empty hook `AfterLastShipout' on input line 2130.
 (./dissertation.aux)
Package atveryend Info: Executing hook `AtVeryEndDocument' on input line 2130.
Package atveryend Info: Executing hook `AtEndAfterFileList' on input line 2130.

Package rerunfilecheck Info: File `dissertation.out' has not changed.
(rerunfilecheck)             Checksum: C02E4CC63D4419DEB28743AC571D71C1;3239.
Package logreq Info: Writing requests to 'dissertation.run.xml'.
\openout1 = `dissertation.run.xml'.

 ) 
Here is how much of TeX's memory you used:
 37621 strings out of 493089
 853635 string characters out of 6134842
 1278210 words of memory out of 5000000
 40091 multiletter control sequences out of 15000+600000
 18158 words of font info for 66 fonts, out of 8000000 for 9000
 1141 hyphenation exceptions out of 8191
 69i,20n,89p,1845b,2148s stack positions out of 5000i,500n,10000p,200000b,80000s
</usr/local/texlive/2015/texmf-dist/fonts/type1/public/amsfonts/cm/cmbsy10.pf
b></usr/local/texlive/2015/texmf-dist/fonts/type1/public/amsfonts/cmextra/cmbsy
6.pfb></usr/local/texlive/2015/texmf-dist/fonts/type1/public/amsfonts/cm/cmbx10
.pfb></usr/local/texlive/2015/texmf-dist/fonts/type1/public/amsfonts/cm/cmbx12.
pfb></usr/local/texlive/2015/texmf-dist/fonts/type1/public/amsfonts/cm/cmbx5.pf
b></usr/local/texlive/2015/texmf-dist/fonts/type1/public/amsfonts/cm/cmbx6.pfb>
</usr/local/texlive/2015/texmf-dist/fonts/type1/public/amsfonts/cm/cmbx8.pfb></
usr/local/texlive/2015/texmf-dist/fonts/type1/public/amsfonts/cm/cmcsc10.pfb></
usr/local/texlive/2015/texmf-dist/fonts/type1/public/amsfonts/cm/cmex10.pfb></u
sr/local/texlive/2015/texmf-dist/fonts/type1/public/amsfonts/cmextra/cmex7.pfb>
</usr/local/texlive/2015/texmf-dist/fonts/type1/public/amsfonts/cm/cmmi10.pfb><
/usr/local/texlive/2015/texmf-dist/fonts/type1/public/amsfonts/cm/cmmi12.pfb></
usr/local/texlive/2015/texmf-dist/fonts/type1/public/amsfonts/cm/cmmi5.pfb></us
r/local/texlive/2015/texmf-dist/fonts/type1/public/amsfonts/cm/cmmi6.pfb></usr/
local/texlive/2015/texmf-dist/fonts/type1/public/amsfonts/cm/cmmi8.pfb></usr/lo
cal/texlive/2015/texmf-dist/fonts/type1/public/amsfonts/cm/cmmib10.pfb></usr/lo
cal/texlive/2015/texmf-dist/fonts/type1/public/amsfonts/cmextra/cmmib5.pfb></us
r/local/texlive/2015/texmf-dist/fonts/type1/public/amsfonts/cmextra/cmmib6.pfb>
</usr/local/texlive/2015/texmf-dist/fonts/type1/public/amsfonts/cmextra/cmmib8.
pfb></usr/local/texlive/2015/texmf-dist/fonts/type1/public/amsfonts/cmextra/cmm
ib9.pfb></usr/local/texlive/2015/texmf-dist/fonts/type1/public/amsfonts/cm/cmr1
0.pfb></usr/local/texlive/2015/texmf-dist/fonts/type1/public/amsfonts/cm/cmr12.
pfb></usr/local/texlive/2015/texmf-dist/fonts/type1/public/amsfonts/cm/cmr5.pfb
></usr/local/texlive/2015/texmf-dist/fonts/type1/public/amsfonts/cm/cmr6.pfb></
usr/local/texlive/2015/texmf-dist/fonts/type1/public/amsfonts/cm/cmr8.pfb></usr
/local/texlive/2015/texmf-dist/fonts/type1/public/amsfonts/cm/cmsy10.pfb></usr/
local/texlive/2015/texmf-dist/fonts/type1/public/amsfonts/cm/cmsy6.pfb></usr/lo
cal/texlive/2015/texmf-dist/fonts/type1/public/amsfonts/cm/cmsy8.pfb></usr/loca
l/texlive/2015/texmf-dist/fonts/type1/public/amsfonts/cm/cmti12.pfb></usr/local
/texlive/2015/texmf-dist/fonts/type1/public/amsfonts/cm/cmti8.pfb></usr/local/t
exlive/2015/texmf-dist/fonts/type1/public/amsfonts/cm/cmtt12.pfb></usr/local/te
xlive/2015/texmf-dist/fonts/type1/public/lm/lmsy5.pfb></usr/local/texlive/2015/
texmf-dist/fonts/type1/public/amsfonts/symbols/msbm10.pfb></usr/local/texlive/2
015/texmf-dist/fonts/type1/public/amsfonts/symbols/msbm7.pfb>
Output written on dissertation.pdf (118 pages, 3495215 bytes).
PDF statistics:
 1854 PDF objects out of 2073 (max. 8388607)
 1513 compressed objects within 16 object streams
 359 named destinations out of 1000 (max. 500000)
 611 words of extra memory for PDF output out of 10000 (max. 10000000)

