\BOOKMARK [0][-]{Doc-Start}{Abstract}{}% 1
\BOOKMARK [0][-]{Doc-Start}{Table of Contents}{}% 2
\BOOKMARK [0][-]{chapter*.1}{List of Algorithms}{}% 3
\BOOKMARK [0][-]{chapter*.2}{List of Tables}{}% 4
\BOOKMARK [0][-]{chapter*.3}{List of Figures}{}% 5
\BOOKMARK [0][-]{chapter.1}{ Introduction }{}% 6
\BOOKMARK [1][-]{section.1.1}{Contributions of the Proposal \040}{chapter.1}% 7
\BOOKMARK [0][-]{chapter.2}{ Background}{}% 8
\BOOKMARK [1][-]{section.2.1}{Support Vector Machine Classification}{chapter.2}% 9
\BOOKMARK [1][-]{section.2.2}{Support Vector Regression}{chapter.2}% 10
\BOOKMARK [1][-]{section.2.3}{Methods for Solving the SVM Problem}{chapter.2}% 11
\BOOKMARK [0][-]{chapter.3}{ Multi-Target SVR using Maximum Correlation Chains}{}% 12
\BOOKMARK [1][-]{section.3.1}{Multi-Target Regression Background}{chapter.3}% 13
\BOOKMARK [2][-]{subsection.3.1.1}{Notation}{section.3.1}% 14
\BOOKMARK [2][-]{subsection.3.1.2}{Multi-Target Regression}{section.3.1}% 15
\BOOKMARK [1][-]{section.3.2}{Three Novel SVMs for Multi-Target Regression}{chapter.3}% 16
\BOOKMARK [1][-]{section.3.3}{Experimental Environment}{chapter.3}% 17
\BOOKMARK [1][-]{section.3.4}{Results \046 Statistical Analysis}{chapter.3}% 18
\BOOKMARK [2][-]{subsection.3.4.1}{Average Correlation Coefficient}{section.3.4}% 19
\BOOKMARK [2][-]{subsection.3.4.2}{Mean Square Error}{section.3.4}% 20
\BOOKMARK [2][-]{subsection.3.4.3}{Average Root Mean Square Error}{section.3.4}% 21
\BOOKMARK [2][-]{subsection.3.4.4}{Average Relative Root Mean Square Error}{section.3.4}% 22
\BOOKMARK [2][-]{subsection.3.4.5}{Run Time}{section.3.4}% 23
\BOOKMARK [2][-]{subsection.3.4.6}{Discussion}{section.3.4}% 24
\BOOKMARK [1][-]{section.3.5}{Conclusions}{chapter.3}% 25
\BOOKMARK [0][-]{chapter.4}{ Multi-Instance SVM using Bag-Representatives }{}% 26
\BOOKMARK [1][-]{section.4.1}{Multi-Instance Classification Background}{chapter.4}% 27
\BOOKMARK [2][-]{subsection.4.1.1}{Notation}{section.4.1}% 28
\BOOKMARK [2][-]{subsection.4.1.2}{Multi-Instance Classification}{section.4.1}% 29
\BOOKMARK [1][-]{section.4.2}{Novel SVM for Multi-Instance Classification}{chapter.4}% 30
\BOOKMARK [1][-]{section.4.3}{Experimental Environment}{chapter.4}% 31
\BOOKMARK [1][-]{section.4.4}{Results \046 Statistical Analysis}{chapter.4}% 32
\BOOKMARK [2][-]{subsection.4.4.1}{Accuracy}{section.4.4}% 33
\BOOKMARK [2][-]{subsection.4.4.2}{Precision \046 Recall}{section.4.4}% 34
\BOOKMARK [2][-]{subsection.4.4.3}{Cohen's Kappa Rate}{section.4.4}% 35
\BOOKMARK [2][-]{subsection.4.4.4}{Area Under ROC Curve}{section.4.4}% 36
\BOOKMARK [2][-]{subsection.4.4.5}{Overall Comparison}{section.4.4}% 37
\BOOKMARK [1][-]{section.4.5}{Conclusions}{chapter.4}% 38
\BOOKMARK [0][-]{chapter.5}{ Conclusions}{}% 39
\BOOKMARK [0][-]{chapter.6}{ Future Work}{}% 40
\BOOKMARK [0][-]{chapter*.11}{References}{}% 41
\BOOKMARK [0][-]{chapter*.12}{Vita}{}% 42
